  [1m[35m (245.3ms)[0m  [1m[35mCREATE DATABASE "Portfolio_Tracker_Backend_development" ENCODING = 'unicode'[0m
  [1m[35m (146.9ms)[0m  [1m[35mCREATE DATABASE "Portfolio_Tracker_Backend_test" ENCODING = 'unicode'[0m
  [1m[35m (41.2ms)[0m  [1m[35mDROP DATABASE IF EXISTS "Portfolio_Tracker_Backend_development"[0m
  [1m[35m (40.9ms)[0m  [1m[35mDROP DATABASE IF EXISTS "Portfolio_Tracker_Backend_test"[0m
  [1m[35m (138.6ms)[0m  [1m[35mCREATE DATABASE "Portfolio_Tracker_Backend_development" ENCODING = 'unicode'[0m
  [1m[35m (134.5ms)[0m  [1m[35mCREATE DATABASE "Portfolio_Tracker_Backend_test" ENCODING = 'unicode'[0m
  [1m[35m (6.2ms)[0m  [1m[35mCREATE TABLE "schema_migrations" ("version" character varying NOT NULL PRIMARY KEY)[0m
  [1m[35m (4.7ms)[0m  [1m[35mCREATE TABLE "ar_internal_metadata" ("key" character varying NOT NULL PRIMARY KEY, "value" character varying, "created_at" timestamp(6) NOT NULL, "updated_at" timestamp(6) NOT NULL)[0m
  [1m[35m (0.2ms)[0m  [1m[34mSELECT pg_try_advisory_lock(1030597571457572370)[0m
  [1m[35m (0.5ms)[0m  [1m[34mSELECT "schema_migrations"."version" FROM "schema_migrations" ORDER BY "schema_migrations"."version" ASC[0m
Migrating to CreateUser (1)
  [1m[35m (0.3ms)[0m  [1m[35mBEGIN[0m
  [1m[35m (7.0ms)[0m  [1m[35mCREATE TABLE "users" ("id" bigserial primary key, "username" character varying, "password" character varying, "email" character varying)[0m
  [1m[36mprimary::SchemaMigration Create (0.8ms)[0m  [1m[32mINSERT INTO "schema_migrations" ("version") VALUES ($1) RETURNING "version"[0m  [["version", "1"]]
  [1m[35m (0.7ms)[0m  [1m[35mCOMMIT[0m
Migrating to CreatePortfolio (2)
  [1m[35m (0.5ms)[0m  [1m[35mBEGIN[0m
  [1m[35m (9.2ms)[0m  [1m[35mCREATE TABLE "portfolios" ("id" bigserial primary key, "name" character varying, "user_id" integer)[0m
  [1m[36mprimary::SchemaMigration Create (0.4ms)[0m  [1m[32mINSERT INTO "schema_migrations" ("version") VALUES ($1) RETURNING "version"[0m  [["version", "2"]]
  [1m[35m (0.5ms)[0m  [1m[35mCOMMIT[0m
Migrating to CreatePortfoliostock (3)
  [1m[35m (0.8ms)[0m  [1m[34mSELECT pg_advisory_unlock(1030597571457572370)[0m
  [1m[35m (0.2ms)[0m  [1m[34mSELECT pg_try_advisory_lock(1030597571457572370)[0m
  [1m[35m (0.6ms)[0m  [1m[34mSELECT "schema_migrations"."version" FROM "schema_migrations" ORDER BY "schema_migrations"."version" ASC[0m
Migrating to CreatePortfolioStock (3)
  [1m[35m (0.2ms)[0m  [1m[35mBEGIN[0m
  [1m[35m (3.5ms)[0m  [1m[35mCREATE TABLE "portfoliostocks" ("id" bigserial primary key, "portfolio_id" integer, "stock_id" integer)[0m
  [1m[36mprimary::SchemaMigration Create (0.4ms)[0m  [1m[32mINSERT INTO "schema_migrations" ("version") VALUES ($1) RETURNING "version"[0m  [["version", "3"]]
  [1m[35m (0.6ms)[0m  [1m[35mCOMMIT[0m
Migrating to CreateStock (4)
  [1m[35m (0.3ms)[0m  [1m[35mBEGIN[0m
  [1m[35m (4.1ms)[0m  [1m[35mCREATE TABLE "stocks" ("id" bigserial primary key, "ticker" character varying)[0m
  [1m[36mprimary::SchemaMigration Create (0.4ms)[0m  [1m[32mINSERT INTO "schema_migrations" ("version") VALUES ($1) RETURNING "version"[0m  [["version", "4"]]
  [1m[35m (0.5ms)[0m  [1m[35mCOMMIT[0m
Migrating to AddColumnToUsers (5)
  [1m[35m (0.5ms)[0m  [1m[35mBEGIN[0m
  [1m[35m (0.3ms)[0m  [1m[35mALTER TABLE "users" ADD "password_digest" character varying[0m
  [1m[36mprimary::SchemaMigration Create (0.3ms)[0m  [1m[32mINSERT INTO "schema_migrations" ("version") VALUES ($1) RETURNING "version"[0m  [["version", "5"]]
  [1m[35m (0.5ms)[0m  [1m[35mCOMMIT[0m
Migrating to AddColumnToPortfolios (6)
  [1m[35m (0.4ms)[0m  [1m[35mBEGIN[0m
  [1m[35m (0.4ms)[0m  [1m[35mALTER TABLE "portfolios" ADD "username" character varying[0m
  [1m[36mprimary::SchemaMigration Create (0.8ms)[0m  [1m[32mINSERT INTO "schema_migrations" ("version") VALUES ($1) RETURNING "version"[0m  [["version", "6"]]
  [1m[35m (0.6ms)[0m  [1m[35mCOMMIT[0m
  [1m[36mActiveRecord::InternalMetadata Load (3.5ms)[0m  [1m[34mSELECT "ar_internal_metadata".* FROM "ar_internal_metadata" WHERE "ar_internal_metadata"."key" = $1 LIMIT $2[0m  [["key", "environment"], ["LIMIT", 1]]
  [1m[35m (0.2ms)[0m  [1m[35mBEGIN[0m
  [1m[36mActiveRecord::InternalMetadata Create (2.0ms)[0m  [1m[32mINSERT INTO "ar_internal_metadata" ("key", "value", "created_at", "updated_at") VALUES ($1, $2, $3, $4) RETURNING "key"[0m  [["key", "environment"], ["value", "development"], ["created_at", "2020-04-03 15:53:05.976268"], ["updated_at", "2020-04-03 15:53:05.976268"]]
  [1m[35m (0.6ms)[0m  [1m[35mCOMMIT[0m
  [1m[35m (0.5ms)[0m  [1m[34mSELECT pg_advisory_unlock(1030597571457572370)[0m
  [1m[35m (0.9ms)[0m  [1m[34mSELECT "schema_migrations"."version" FROM "schema_migrations" ORDER BY "schema_migrations"."version" ASC[0m
  [1m[35m (0.7ms)[0m  [1m[34mSELECT "schema_migrations"."version" FROM "schema_migrations" ORDER BY "schema_migrations"."version" ASC[0m
  [1m[35m (0.3ms)[0m  [1m[34mSELECT "ar_internal_metadata"."value" FROM "ar_internal_metadata" WHERE "ar_internal_metadata"."key" = $1[0m  [["key", "environment"]]
  [1m[35m (0.2ms)[0m  [1m[34mSELECT "schema_migrations"."version" FROM "schema_migrations" ORDER BY "schema_migrations"."version" ASC[0m
  [1m[35m (0.2ms)[0m  [1m[34mSELECT "ar_internal_metadata"."value" FROM "ar_internal_metadata" WHERE "ar_internal_metadata"."key" = $1[0m  [["key", "environment"]]
  [1m[35m (0.2ms)[0m  [1m[34mSELECT "schema_migrations"."version" FROM "schema_migrations" ORDER BY "schema_migrations"."version" ASC[0m
  [1m[35m (0.2ms)[0m  [1m[34mSELECT "ar_internal_metadata"."value" FROM "ar_internal_metadata" WHERE "ar_internal_metadata"."key" = $1[0m  [["key", "environment"]]
  [1m[35m (48.3ms)[0m  [1m[35mDROP DATABASE IF EXISTS "Portfolio_Tracker_Backend_development"[0m
  [1m[35m (45.5ms)[0m  [1m[35mDROP DATABASE IF EXISTS "Portfolio_Tracker_Backend_test"[0m
  [1m[35m (161.5ms)[0m  [1m[35mCREATE DATABASE "Portfolio_Tracker_Backend_development" ENCODING = 'unicode'[0m
  [1m[35m (149.4ms)[0m  [1m[35mCREATE DATABASE "Portfolio_Tracker_Backend_test" ENCODING = 'unicode'[0m
  [1m[35m (5.5ms)[0m  [1m[35mCREATE TABLE "schema_migrations" ("version" character varying NOT NULL PRIMARY KEY)[0m
  [1m[35m (3.3ms)[0m  [1m[35mCREATE TABLE "ar_internal_metadata" ("key" character varying NOT NULL PRIMARY KEY, "value" character varying, "created_at" timestamp(6) NOT NULL, "updated_at" timestamp(6) NOT NULL)[0m
  [1m[35m (0.2ms)[0m  [1m[34mSELECT pg_try_advisory_lock(1030597571457572370)[0m
  [1m[35m (0.8ms)[0m  [1m[34mSELECT "schema_migrations"."version" FROM "schema_migrations" ORDER BY "schema_migrations"."version" ASC[0m
Migrating to CreateUser (1)
  [1m[35m (0.2ms)[0m  [1m[35mBEGIN[0m
  [1m[35m (3.8ms)[0m  [1m[35mCREATE TABLE "users" ("id" bigserial primary key, "username" character varying, "password" character varying, "email" character varying)[0m
  [1m[36mprimary::SchemaMigration Create (0.6ms)[0m  [1m[32mINSERT INTO "schema_migrations" ("version") VALUES ($1) RETURNING "version"[0m  [["version", "1"]]
  [1m[35m (0.5ms)[0m  [1m[35mCOMMIT[0m
Migrating to CreatePortfolio (2)
  [1m[35m (0.3ms)[0m  [1m[35mBEGIN[0m
  [1m[35m (3.2ms)[0m  [1m[35mCREATE TABLE "portfolios" ("id" bigserial primary key, "name" character varying, "user_id" integer)[0m
  [1m[36mprimary::SchemaMigration Create (0.4ms)[0m  [1m[32mINSERT INTO "schema_migrations" ("version") VALUES ($1) RETURNING "version"[0m  [["version", "2"]]
  [1m[35m (0.5ms)[0m  [1m[35mCOMMIT[0m
Migrating to CreatePortfolioStock (3)
  [1m[35m (1.9ms)[0m  [1m[35mBEGIN[0m
  [1m[35m (2.2ms)[0m  [1m[35mCREATE TABLE "portfoliostocks" ("id" bigserial primary key, "portfolio_id" integer, "stock_id" integer)[0m
  [1m[36mprimary::SchemaMigration Create (0.3ms)[0m  [1m[32mINSERT INTO "schema_migrations" ("version") VALUES ($1) RETURNING "version"[0m  [["version", "3"]]
  [1m[35m (2.5ms)[0m  [1m[35mCOMMIT[0m
Migrating to CreateStock (4)
  [1m[35m (0.4ms)[0m  [1m[35mBEGIN[0m
  [1m[35m (6.2ms)[0m  [1m[35mCREATE TABLE "stocks" ("id" bigserial primary key, "ticker" character varying)[0m
  [1m[36mprimary::SchemaMigration Create (0.3ms)[0m  [1m[32mINSERT INTO "schema_migrations" ("version") VALUES ($1) RETURNING "version"[0m  [["version", "4"]]
  [1m[35m (0.6ms)[0m  [1m[35mCOMMIT[0m
Migrating to AddColumnToUsers (5)
  [1m[35m (0.9ms)[0m  [1m[35mBEGIN[0m
  [1m[35m (2.9ms)[0m  [1m[35mALTER TABLE "users" ADD "password_digest" character varying[0m
  [1m[36mprimary::SchemaMigration Create (0.7ms)[0m  [1m[32mINSERT INTO "schema_migrations" ("version") VALUES ($1) RETURNING "version"[0m  [["version", "5"]]
  [1m[35m (0.5ms)[0m  [1m[35mCOMMIT[0m
Migrating to AddColumnToPortfolios (6)
  [1m[35m (0.2ms)[0m  [1m[35mBEGIN[0m
  [1m[35m (0.5ms)[0m  [1m[35mALTER TABLE "portfolios" ADD "username" character varying[0m
  [1m[36mprimary::SchemaMigration Create (0.4ms)[0m  [1m[32mINSERT INTO "schema_migrations" ("version") VALUES ($1) RETURNING "version"[0m  [["version", "6"]]
  [1m[35m (0.6ms)[0m  [1m[35mCOMMIT[0m
  [1m[36mActiveRecord::InternalMetadata Load (1.2ms)[0m  [1m[34mSELECT "ar_internal_metadata".* FROM "ar_internal_metadata" WHERE "ar_internal_metadata"."key" = $1 LIMIT $2[0m  [["key", "environment"], ["LIMIT", 1]]
  [1m[35m (0.2ms)[0m  [1m[35mBEGIN[0m
  [1m[36mActiveRecord::InternalMetadata Create (0.7ms)[0m  [1m[32mINSERT INTO "ar_internal_metadata" ("key", "value", "created_at", "updated_at") VALUES ($1, $2, $3, $4) RETURNING "key"[0m  [["key", "environment"], ["value", "development"], ["created_at", "2020-04-03 15:53:57.478203"], ["updated_at", "2020-04-03 15:53:57.478203"]]
  [1m[35m (0.5ms)[0m  [1m[35mCOMMIT[0m
  [1m[35m (0.5ms)[0m  [1m[34mSELECT pg_advisory_unlock(1030597571457572370)[0m
  [1m[35m (1.3ms)[0m  [1m[34mSELECT "schema_migrations"."version" FROM "schema_migrations" ORDER BY "schema_migrations"."version" ASC[0m
  [1m[35m (0.6ms)[0m  [1m[34mSELECT "schema_migrations"."version" FROM "schema_migrations" ORDER BY "schema_migrations"."version" ASC[0m
  [1m[35m (0.8ms)[0m  [1m[35mBEGIN[0m
  [1m[36mUser Exists? (1.7ms)[0m  [1m[34mSELECT 1 AS one FROM "users" WHERE "users"."username" = $1 LIMIT $2[0m  [["username", "Ben"], ["LIMIT", 1]]
  [1m[36mUser Create (0.7ms)[0m  [1m[32mINSERT INTO "users" ("username", "email", "password_digest") VALUES ($1, $2, $3) RETURNING "id"[0m  [["username", "Ben"], ["email", "example@gmail.com"], ["password_digest", "$2a$12$0V/x921/6PC05fYgFFeZWuP0r23Gbacr7KhuYPuZG9g9Bmmohhqq."]]
  [1m[35m (1.0ms)[0m  [1m[35mCOMMIT[0m
  [1m[35m (0.6ms)[0m  [1m[34mSELECT "schema_migrations"."version" FROM "schema_migrations" ORDER BY "schema_migrations"."version" ASC[0m
  [1m[35m (0.2ms)[0m  [1m[35mBEGIN[0m
  [1m[36mUser Exists? (0.7ms)[0m  [1m[34mSELECT 1 AS one FROM "users" WHERE "users"."username" = $1 LIMIT $2[0m  [["username", "Ben"], ["LIMIT", 1]]
  [1m[35m (0.3ms)[0m  [1m[31mROLLBACK[0m
  [1m[35m (0.2ms)[0m  [1m[35mBEGIN[0m
  [1m[36mUser Load (0.5ms)[0m  [1m[34mSELECT "users".* FROM "users" WHERE "users"."id" = $1 LIMIT $2[0m  [["id", 1], ["LIMIT", 1]]
  [1m[36mPortfolio Create (1.2ms)[0m  [1m[32mINSERT INTO "portfolios" ("name", "user_id") VALUES ($1, $2) RETURNING "id"[0m  [["name", "testPort"], ["user_id", 1]]
  [1m[35m (0.4ms)[0m  [1m[35mCOMMIT[0m
  [1m[35m (0.6ms)[0m  [1m[34mSELECT "schema_migrations"."version" FROM "schema_migrations" ORDER BY "schema_migrations"."version" ASC[0m
  [1m[35m (0.2ms)[0m  [1m[35mBEGIN[0m
  [1m[36mUser Exists? (0.6ms)[0m  [1m[34mSELECT 1 AS one FROM "users" WHERE "users"."username" = $1 LIMIT $2[0m  [["username", "Ben"], ["LIMIT", 1]]
  [1m[35m (0.3ms)[0m  [1m[31mROLLBACK[0m
  [1m[35m (0.2ms)[0m  [1m[35mBEGIN[0m
  [1m[36mUser Load (0.3ms)[0m  [1m[34mSELECT "users".* FROM "users" WHERE "users"."id" = $1 LIMIT $2[0m  [["id", 1], ["LIMIT", 1]]
  [1m[36mPortfolio Create (0.5ms)[0m  [1m[32mINSERT INTO "portfolios" ("name", "user_id") VALUES ($1, $2) RETURNING "id"[0m  [["name", "testPort"], ["user_id", 1]]
  [1m[35m (0.4ms)[0m  [1m[35mCOMMIT[0m
  [1m[35m (0.7ms)[0m  [1m[34mSELECT "schema_migrations"."version" FROM "schema_migrations" ORDER BY "schema_migrations"."version" ASC[0m
  [1m[35m (0.2ms)[0m  [1m[35mBEGIN[0m
  [1m[36mUser Exists? (0.6ms)[0m  [1m[34mSELECT 1 AS one FROM "users" WHERE "users"."username" = $1 LIMIT $2[0m  [["username", "Ben"], ["LIMIT", 1]]
  [1m[35m (0.2ms)[0m  [1m[31mROLLBACK[0m
  [1m[35m (0.2ms)[0m  [1m[35mBEGIN[0m
  [1m[36mUser Load (0.2ms)[0m  [1m[34mSELECT "users".* FROM "users" WHERE "users"."id" = $1 LIMIT $2[0m  [["id", 1], ["LIMIT", 1]]
  [1m[36mPortfolio Create (0.6ms)[0m  [1m[32mINSERT INTO "portfolios" ("name", "user_id") VALUES ($1, $2) RETURNING "id"[0m  [["name", "testPort"], ["user_id", 1]]
  [1m[35m (0.7ms)[0m  [1m[35mCOMMIT[0m
  [1m[35m (0.2ms)[0m  [1m[35mBEGIN[0m
  [1m[36mPortfolio Load (0.3ms)[0m  [1m[34mSELECT "portfolios".* FROM "portfolios" WHERE "portfolios"."id" = $1 LIMIT $2[0m  [["id", 1], ["LIMIT", 1]]
  [1m[36mPortfoliostock Create (1.6ms)[0m  [1m[32mINSERT INTO "portfoliostocks" ("portfolio_id", "stock_id") VALUES ($1, $2) RETURNING "id"[0m  [["portfolio_id", 1], ["stock_id", 1]]
  [1m[35m (0.5ms)[0m  [1m[35mCOMMIT[0m
  [1m[35m (3.6ms)[0m  [1m[34mSELECT "schema_migrations"."version" FROM "schema_migrations" ORDER BY "schema_migrations"."version" ASC[0m
  [1m[35m (9.9ms)[0m  [1m[34mSELECT "ar_internal_metadata"."value" FROM "ar_internal_metadata" WHERE "ar_internal_metadata"."key" = $1[0m  [["key", "environment"]]
  [1m[35m (0.3ms)[0m  [1m[34mSELECT "schema_migrations"."version" FROM "schema_migrations" ORDER BY "schema_migrations"."version" ASC[0m
  [1m[35m (0.3ms)[0m  [1m[34mSELECT "ar_internal_metadata"."value" FROM "ar_internal_metadata" WHERE "ar_internal_metadata"."key" = $1[0m  [["key", "environment"]]
  [1m[35m (0.3ms)[0m  [1m[34mSELECT "schema_migrations"."version" FROM "schema_migrations" ORDER BY "schema_migrations"."version" ASC[0m
  [1m[35m (0.4ms)[0m  [1m[34mSELECT "ar_internal_metadata"."value" FROM "ar_internal_metadata" WHERE "ar_internal_metadata"."key" = $1[0m  [["key", "environment"]]
  [1m[35m (71.0ms)[0m  [1m[35mDROP DATABASE IF EXISTS "Portfolio_Tracker_Backend_development"[0m
  [1m[35m (81.6ms)[0m  [1m[35mDROP DATABASE IF EXISTS "Portfolio_Tracker_Backend_test"[0m
  [1m[35m (243.0ms)[0m  [1m[35mCREATE DATABASE "Portfolio_Tracker_Backend_development" ENCODING = 'unicode'[0m
  [1m[35m (121.4ms)[0m  [1m[35mCREATE DATABASE "Portfolio_Tracker_Backend_test" ENCODING = 'unicode'[0m
Started GET "/" for ::1 at 2020-04-03 12:16:18 -0400
  
ActiveRecord::PendingMigrationError (

Migrations are pending. To resolve this issue, run:

        rails db:migrate RAILS_ENV=development

):
  
activerecord (6.0.2.2) lib/active_record/migration.rb:587:in `check_pending!'
activerecord (6.0.2.2) lib/active_record/migration.rb:564:in `call'
actionpack (6.0.2.2) lib/action_dispatch/middleware/callbacks.rb:27:in `block in call'
activesupport (6.0.2.2) lib/active_support/callbacks.rb:101:in `run_callbacks'
actionpack (6.0.2.2) lib/action_dispatch/middleware/callbacks.rb:26:in `call'
actionpack (6.0.2.2) lib/action_dispatch/middleware/executor.rb:14:in `call'
actionpack (6.0.2.2) lib/action_dispatch/middleware/actionable_exceptions.rb:17:in `call'
actionpack (6.0.2.2) lib/action_dispatch/middleware/debug_exceptions.rb:32:in `call'
actionpack (6.0.2.2) lib/action_dispatch/middleware/show_exceptions.rb:33:in `call'
railties (6.0.2.2) lib/rails/rack/logger.rb:38:in `call_app'
railties (6.0.2.2) lib/rails/rack/logger.rb:26:in `block in call'
activesupport (6.0.2.2) lib/active_support/tagged_logging.rb:80:in `block in tagged'
activesupport (6.0.2.2) lib/active_support/tagged_logging.rb:28:in `tagged'
activesupport (6.0.2.2) lib/active_support/tagged_logging.rb:80:in `tagged'
railties (6.0.2.2) lib/rails/rack/logger.rb:26:in `call'
actionpack (6.0.2.2) lib/action_dispatch/middleware/remote_ip.rb:81:in `call'
actionpack (6.0.2.2) lib/action_dispatch/middleware/request_id.rb:27:in `call'
rack (2.2.2) lib/rack/runtime.rb:22:in `call'
activesupport (6.0.2.2) lib/active_support/cache/strategy/local_cache_middleware.rb:29:in `call'
actionpack (6.0.2.2) lib/action_dispatch/middleware/executor.rb:14:in `call'
actionpack (6.0.2.2) lib/action_dispatch/middleware/static.rb:126:in `call'
rack (2.2.2) lib/rack/sendfile.rb:110:in `call'
actionpack (6.0.2.2) lib/action_dispatch/middleware/host_authorization.rb:83:in `call'
rack-cors (1.1.1) lib/rack/cors.rb:100:in `call'
railties (6.0.2.2) lib/rails/engine.rb:526:in `call'
puma (4.3.3) lib/puma/configuration.rb:228:in `call'
puma (4.3.3) lib/puma/server.rb:682:in `handle_request'
puma (4.3.3) lib/puma/server.rb:472:in `process_client'
puma (4.3.3) lib/puma/server.rb:328:in `block in run'
puma (4.3.3) lib/puma/thread_pool.rb:134:in `block in spawn_thread'
  [1m[35m (9.2ms)[0m  [1m[35mCREATE TABLE "schema_migrations" ("version" character varying NOT NULL PRIMARY KEY)[0m
  [1m[35m (4.8ms)[0m  [1m[35mCREATE TABLE "ar_internal_metadata" ("key" character varying NOT NULL PRIMARY KEY, "value" character varying, "created_at" timestamp(6) NOT NULL, "updated_at" timestamp(6) NOT NULL)[0m
  [1m[35m (0.3ms)[0m  [1m[34mSELECT pg_try_advisory_lock(1030597571457572370)[0m
  [1m[35m (0.5ms)[0m  [1m[34mSELECT "schema_migrations"."version" FROM "schema_migrations" ORDER BY "schema_migrations"."version" ASC[0m
Migrating to CreateUser (1)
  [1m[35m (0.3ms)[0m  [1m[35mBEGIN[0m
  [1m[35m (6.9ms)[0m  [1m[35mCREATE TABLE "users" ("id" bigserial primary key, "username" character varying, "password" character varying, "email" character varying)[0m
  [1m[36mprimary::SchemaMigration Create (1.0ms)[0m  [1m[32mINSERT INTO "schema_migrations" ("version") VALUES ($1) RETURNING "version"[0m  [["version", "1"]]
  [1m[35m (0.6ms)[0m  [1m[35mCOMMIT[0m
Migrating to CreatePortfolio (2)
  [1m[35m (0.7ms)[0m  [1m[35mBEGIN[0m
  [1m[35m (6.5ms)[0m  [1m[35mCREATE TABLE "portfolios" ("id" bigserial primary key, "name" character varying, "user_id" integer)[0m
  [1m[36mprimary::SchemaMigration Create (0.9ms)[0m  [1m[32mINSERT INTO "schema_migrations" ("version") VALUES ($1) RETURNING "version"[0m  [["version", "2"]]
  [1m[35m (0.9ms)[0m  [1m[35mCOMMIT[0m
Migrating to CreatePortfolioStock (3)
  [1m[35m (0.8ms)[0m  [1m[35mBEGIN[0m
  [1m[35m (6.2ms)[0m  [1m[35mCREATE TABLE "portfoliostocks" ("id" bigserial primary key, "portfolio_id" integer, "stock_id" integer)[0m
  [1m[36mprimary::SchemaMigration Create (1.2ms)[0m  [1m[32mINSERT INTO "schema_migrations" ("version") VALUES ($1) RETURNING "version"[0m  [["version", "3"]]
  [1m[35m (0.7ms)[0m  [1m[35mCOMMIT[0m
Migrating to CreateStock (4)
  [1m[35m (1.1ms)[0m  [1m[35mBEGIN[0m
  [1m[35m (6.0ms)[0m  [1m[35mCREATE TABLE "stocks" ("id" bigserial primary key, "ticker" character varying)[0m
  [1m[36mprimary::SchemaMigration Create (0.3ms)[0m  [1m[32mINSERT INTO "schema_migrations" ("version") VALUES ($1) RETURNING "version"[0m  [["version", "4"]]
  [1m[35m (0.7ms)[0m  [1m[35mCOMMIT[0m
Migrating to AddColumnToUsers (5)
  [1m[35m (1.9ms)[0m  [1m[35mBEGIN[0m
  [1m[35m (0.5ms)[0m  [1m[35mALTER TABLE "users" ADD "password_digest" character varying[0m
  [1m[36mprimary::SchemaMigration Create (1.1ms)[0m  [1m[32mINSERT INTO "schema_migrations" ("version") VALUES ($1) RETURNING "version"[0m  [["version", "5"]]
  [1m[35m (0.5ms)[0m  [1m[35mCOMMIT[0m
Migrating to AddColumnToPortfolios (6)
  [1m[35m (1.2ms)[0m  [1m[35mBEGIN[0m
  [1m[35m (0.3ms)[0m  [1m[35mALTER TABLE "portfolios" ADD "username" character varying[0m
  [1m[36mprimary::SchemaMigration Create (0.3ms)[0m  [1m[32mINSERT INTO "schema_migrations" ("version") VALUES ($1) RETURNING "version"[0m  [["version", "6"]]
  [1m[35m (0.5ms)[0m  [1m[35mCOMMIT[0m
  [1m[36mActiveRecord::InternalMetadata Load (1.0ms)[0m  [1m[34mSELECT "ar_internal_metadata".* FROM "ar_internal_metadata" WHERE "ar_internal_metadata"."key" = $1 LIMIT $2[0m  [["key", "environment"], ["LIMIT", 1]]
  [1m[35m (0.2ms)[0m  [1m[35mBEGIN[0m
  [1m[36mActiveRecord::InternalMetadata Create (0.7ms)[0m  [1m[32mINSERT INTO "ar_internal_metadata" ("key", "value", "created_at", "updated_at") VALUES ($1, $2, $3, $4) RETURNING "key"[0m  [["key", "environment"], ["value", "development"], ["created_at", "2020-04-03 16:16:57.870804"], ["updated_at", "2020-04-03 16:16:57.870804"]]
  [1m[35m (0.7ms)[0m  [1m[35mCOMMIT[0m
  [1m[35m (1.4ms)[0m  [1m[34mSELECT pg_advisory_unlock(1030597571457572370)[0m
  [1m[35m (1.1ms)[0m  [1m[34mSELECT "schema_migrations"."version" FROM "schema_migrations" ORDER BY "schema_migrations"."version" ASC[0m
  [1m[35m (0.8ms)[0m  [1m[34mSELECT "schema_migrations"."version" FROM "schema_migrations" ORDER BY "schema_migrations"."version" ASC[0m
  [1m[35m (0.2ms)[0m  [1m[35mBEGIN[0m
  [1m[36mUser Exists? (0.8ms)[0m  [1m[34mSELECT 1 AS one FROM "users" WHERE "users"."username" = $1 LIMIT $2[0m  [["username", "Ben"], ["LIMIT", 1]]
  [1m[36mUser Create (0.6ms)[0m  [1m[32mINSERT INTO "users" ("username", "email", "password_digest") VALUES ($1, $2, $3) RETURNING "id"[0m  [["username", "Ben"], ["email", "example@gmail.com"], ["password_digest", "$2a$12$EDMGoTyNfVe0.i2.LK/SlesMRql.iJpJyn0bhu351cTt5mQKw8hJm"]]
  [1m[35m (1.1ms)[0m  [1m[35mCOMMIT[0m
  [1m[35m (0.5ms)[0m  [1m[35mBEGIN[0m
  [1m[36mUser Load (0.2ms)[0m  [1m[34mSELECT "users".* FROM "users" WHERE "users"."id" = $1 LIMIT $2[0m  [["id", 1], ["LIMIT", 1]]
  [1m[36mPortfolio Create (0.6ms)[0m  [1m[32mINSERT INTO "portfolios" ("name", "user_id") VALUES ($1, $2) RETURNING "id"[0m  [["name", "testPort"], ["user_id", 1]]
  [1m[35m (0.6ms)[0m  [1m[35mCOMMIT[0m
  [1m[35m (0.1ms)[0m  [1m[35mBEGIN[0m
  [1m[36mPortfolio Load (0.2ms)[0m  [1m[34mSELECT "portfolios".* FROM "portfolios" WHERE "portfolios"."id" = $1 LIMIT $2[0m  [["id", 1], ["LIMIT", 1]]
  [1m[36mPortfoliostock Create (0.7ms)[0m  [1m[32mINSERT INTO "portfoliostocks" ("portfolio_id", "stock_id") VALUES ($1, $2) RETURNING "id"[0m  [["portfolio_id", 1], ["stock_id", 1]]
  [1m[35m (0.5ms)[0m  [1m[35mCOMMIT[0m
Started GET "/" for ::1 at 2020-04-03 12:17:14 -0400
  [1m[35m (0.6ms)[0m  [1m[34mSELECT "schema_migrations"."version" FROM "schema_migrations" ORDER BY "schema_migrations"."version" ASC[0m
Processing by Rails::WelcomeController#index as HTML
  Rendering /Users/flatironschool/.rvm/gems/ruby-2.6.1/gems/railties-6.0.2.2/lib/rails/templates/rails/welcome/index.html.erb
  Rendered /Users/flatironschool/.rvm/gems/ruby-2.6.1/gems/railties-6.0.2.2/lib/rails/templates/rails/welcome/index.html.erb (Duration: 10.2ms | Allocations: 315)
Completed 200 OK in 15ms (Views: 12.3ms | ActiveRecord: 0.0ms | Allocations: 1596)


Started GET "/favicon.ico" for ::1 at 2020-04-03 12:17:15 -0400
  
ActionController::RoutingError (No route matches [GET] "/favicon.ico"):
  
actionpack (6.0.2.2) lib/action_dispatch/middleware/debug_exceptions.rb:36:in `call'
actionpack (6.0.2.2) lib/action_dispatch/middleware/show_exceptions.rb:33:in `call'
railties (6.0.2.2) lib/rails/rack/logger.rb:38:in `call_app'
railties (6.0.2.2) lib/rails/rack/logger.rb:26:in `block in call'
activesupport (6.0.2.2) lib/active_support/tagged_logging.rb:80:in `block in tagged'
activesupport (6.0.2.2) lib/active_support/tagged_logging.rb:28:in `tagged'
activesupport (6.0.2.2) lib/active_support/tagged_logging.rb:80:in `tagged'
railties (6.0.2.2) lib/rails/rack/logger.rb:26:in `call'
actionpack (6.0.2.2) lib/action_dispatch/middleware/remote_ip.rb:81:in `call'
actionpack (6.0.2.2) lib/action_dispatch/middleware/request_id.rb:27:in `call'
rack (2.2.2) lib/rack/runtime.rb:22:in `call'
activesupport (6.0.2.2) lib/active_support/cache/strategy/local_cache_middleware.rb:29:in `call'
actionpack (6.0.2.2) lib/action_dispatch/middleware/executor.rb:14:in `call'
actionpack (6.0.2.2) lib/action_dispatch/middleware/static.rb:126:in `call'
rack (2.2.2) lib/rack/sendfile.rb:110:in `call'
actionpack (6.0.2.2) lib/action_dispatch/middleware/host_authorization.rb:83:in `call'
rack-cors (1.1.1) lib/rack/cors.rb:100:in `call'
railties (6.0.2.2) lib/rails/engine.rb:526:in `call'
puma (4.3.3) lib/puma/configuration.rb:228:in `call'
puma (4.3.3) lib/puma/server.rb:682:in `handle_request'
puma (4.3.3) lib/puma/server.rb:472:in `process_client'
puma (4.3.3) lib/puma/server.rb:328:in `block in run'
puma (4.3.3) lib/puma/thread_pool.rb:134:in `block in spawn_thread'
Started GET "/users" for ::1 at 2020-04-03 12:18:13 -0400
Processing by UsersController#index as HTML
  [1m[36mUser Load (0.9ms)[0m  [1m[34mSELECT "users".* FROM "users"[0m
  ↳ app/controllers/users_controller.rb:6:in `index'
  [1m[36mPortfolio Load (0.6ms)[0m  [1m[34mSELECT "portfolios".* FROM "portfolios" WHERE "portfolios"."user_id" = $1[0m  [["user_id", 1]]
  ↳ app/controllers/users_controller.rb:6:in `index'
Completed 200 OK in 72ms (Views: 0.6ms | ActiveRecord: 14.2ms | Allocations: 14086)


Started GET "/portfolios" for ::1 at 2020-04-03 12:18:28 -0400
Processing by PortfoliosController#index as HTML
  [1m[36mPortfolio Load (0.3ms)[0m  [1m[34mSELECT "portfolios".* FROM "portfolios"[0m
  ↳ app/controllers/portfolios_controller.rb:4:in `index'
No serializer found for resource: #<Portfolio id: 1, name: "testPort", user_id: 1, username: nil>
[active_model_serializers] Rendered ActiveModel::Serializer::CollectionSerializer with Portfolio::ActiveRecord_Relation (0.5ms)
Completed 200 OK in 11ms (Views: 10.0ms | ActiveRecord: 0.3ms | Allocations: 1829)


Started GET "/portfolios" for ::1 at 2020-04-03 12:19:20 -0400
Processing by PortfoliosController#index as HTML
  [1m[36mPortfolio Load (0.4ms)[0m  [1m[34mSELECT "portfolios".* FROM "portfolios"[0m
  ↳ app/controllers/portfolios_controller.rb:4:in `index'
No serializer found for resource: #<Portfolio id: 1, name: "testPort", user_id: 1, username: nil>
[active_model_serializers] Rendered ActiveModel::Serializer::CollectionSerializer with Portfolio::ActiveRecord_Relation (0.24ms)
Completed 200 OK in 17ms (Views: 8.6ms | ActiveRecord: 5.2ms | Allocations: 4824)


Started GET "/portfoliostocks" for ::1 at 2020-04-03 12:19:24 -0400
  
ActionController::RoutingError (uninitialized constant PortfoliostocksController
Did you mean?  PortfoliosController):
  
activesupport (6.0.2.2) lib/active_support/inflector/methods.rb:282:in `const_get'
activesupport (6.0.2.2) lib/active_support/inflector/methods.rb:282:in `block in constantize'
activesupport (6.0.2.2) lib/active_support/inflector/methods.rb:280:in `each'
activesupport (6.0.2.2) lib/active_support/inflector/methods.rb:280:in `inject'
activesupport (6.0.2.2) lib/active_support/inflector/methods.rb:280:in `constantize'
activesupport (6.0.2.2) lib/active_support/dependencies/zeitwerk_integration.rb:19:in `constantize'
actionpack (6.0.2.2) lib/action_dispatch/http/request.rb:88:in `controller_class_for'
actionpack (6.0.2.2) lib/action_dispatch/http/request.rb:81:in `controller_class'
actionpack (6.0.2.2) lib/action_dispatch/routing/route_set.rb:45:in `controller'
actionpack (6.0.2.2) lib/action_dispatch/routing/route_set.rb:31:in `serve'
actionpack (6.0.2.2) lib/action_dispatch/journey/router.rb:49:in `block in serve'
actionpack (6.0.2.2) lib/action_dispatch/journey/router.rb:32:in `each'
actionpack (6.0.2.2) lib/action_dispatch/journey/router.rb:32:in `serve'
actionpack (6.0.2.2) lib/action_dispatch/routing/route_set.rb:837:in `call'
rack (2.2.2) lib/rack/etag.rb:27:in `call'
rack (2.2.2) lib/rack/conditional_get.rb:27:in `call'
rack (2.2.2) lib/rack/head.rb:12:in `call'
activerecord (6.0.2.2) lib/active_record/migration.rb:567:in `call'
actionpack (6.0.2.2) lib/action_dispatch/middleware/callbacks.rb:27:in `block in call'
activesupport (6.0.2.2) lib/active_support/callbacks.rb:101:in `run_callbacks'
actionpack (6.0.2.2) lib/action_dispatch/middleware/callbacks.rb:26:in `call'
actionpack (6.0.2.2) lib/action_dispatch/middleware/executor.rb:14:in `call'
actionpack (6.0.2.2) lib/action_dispatch/middleware/actionable_exceptions.rb:17:in `call'
actionpack (6.0.2.2) lib/action_dispatch/middleware/debug_exceptions.rb:32:in `call'
actionpack (6.0.2.2) lib/action_dispatch/middleware/show_exceptions.rb:33:in `call'
railties (6.0.2.2) lib/rails/rack/logger.rb:38:in `call_app'
railties (6.0.2.2) lib/rails/rack/logger.rb:26:in `block in call'
activesupport (6.0.2.2) lib/active_support/tagged_logging.rb:80:in `block in tagged'
activesupport (6.0.2.2) lib/active_support/tagged_logging.rb:28:in `tagged'
activesupport (6.0.2.2) lib/active_support/tagged_logging.rb:80:in `tagged'
railties (6.0.2.2) lib/rails/rack/logger.rb:26:in `call'
actionpack (6.0.2.2) lib/action_dispatch/middleware/remote_ip.rb:81:in `call'
actionpack (6.0.2.2) lib/action_dispatch/middleware/request_id.rb:27:in `call'
rack (2.2.2) lib/rack/runtime.rb:22:in `call'
activesupport (6.0.2.2) lib/active_support/cache/strategy/local_cache_middleware.rb:29:in `call'
actionpack (6.0.2.2) lib/action_dispatch/middleware/executor.rb:14:in `call'
actionpack (6.0.2.2) lib/action_dispatch/middleware/static.rb:126:in `call'
rack (2.2.2) lib/rack/sendfile.rb:110:in `call'
actionpack (6.0.2.2) lib/action_dispatch/middleware/host_authorization.rb:83:in `call'
rack-cors (1.1.1) lib/rack/cors.rb:100:in `call'
railties (6.0.2.2) lib/rails/engine.rb:526:in `call'
puma (4.3.3) lib/puma/configuration.rb:228:in `call'
puma (4.3.3) lib/puma/server.rb:682:in `handle_request'
puma (4.3.3) lib/puma/server.rb:472:in `process_client'
puma (4.3.3) lib/puma/server.rb:328:in `block in run'
puma (4.3.3) lib/puma/thread_pool.rb:134:in `block in spawn_thread'
Started GET "/portfoliostocks" for ::1 at 2020-04-03 12:24:04 -0400
Processing by PortfoliostocksController#index as HTML
  [1m[36mPortfoliostock Load (0.6ms)[0m  [1m[34mSELECT "portfoliostocks".* FROM "portfoliostocks"[0m
  ↳ app/controllers/portfoliostocks_controller.rb:4:in `index'
No serializer found for resource: #<Portfoliostock id: 1, portfolio_id: 1, stock_id: 1>
[active_model_serializers] Rendered ActiveModel::Serializer::CollectionSerializer with Portfoliostock::ActiveRecord_Relation (0.19ms)
Completed 200 OK in 13ms (Views: 5.8ms | ActiveRecord: 4.8ms | Allocations: 4349)


Started GET "/portfolios" for ::1 at 2020-04-03 12:24:14 -0400
Processing by PortfoliosController#index as HTML
  [1m[36mPortfolio Load (0.7ms)[0m  [1m[34mSELECT "portfolios".* FROM "portfolios"[0m
  ↳ app/controllers/portfolios_controller.rb:4:in `index'
No serializer found for resource: #<Portfolio id: 1, name: "testPort", user_id: 1, username: nil>
[active_model_serializers] Rendered ActiveModel::Serializer::CollectionSerializer with Portfolio::ActiveRecord_Relation (0.21ms)
Completed 200 OK in 16ms (Views: 7.7ms | ActiveRecord: 4.6ms | Allocations: 4398)


Started GET "/users" for ::1 at 2020-04-03 12:24:22 -0400
Processing by UsersController#index as HTML
  [1m[36mUser Load (0.4ms)[0m  [1m[34mSELECT "users".* FROM "users"[0m
  ↳ app/controllers/users_controller.rb:6:in `index'
  [1m[36mPortfolio Load (0.4ms)[0m  [1m[34mSELECT "portfolios".* FROM "portfolios" WHERE "portfolios"."user_id" = $1[0m  [["user_id", 1]]
  ↳ app/controllers/users_controller.rb:6:in `index'
Completed 200 OK in 23ms (Views: 0.4ms | ActiveRecord: 7.0ms | Allocations: 5792)


Started GET "/users" for ::1 at 2020-04-03 12:27:21 -0400
Processing by UsersController#index as HTML
  [1m[36mUser Load (0.4ms)[0m  [1m[34mSELECT "users".* FROM "users"[0m
  ↳ app/controllers/users_controller.rb:6:in `index'
  [1m[36mPortfolio Load (0.6ms)[0m  [1m[34mSELECT "portfolios".* FROM "portfolios" WHERE "portfolios"."user_id" = $1[0m  [["user_id", 1]]
  ↳ app/controllers/users_controller.rb:6:in `index'
Completed 200 OK in 26ms (Views: 0.3ms | ActiveRecord: 7.5ms | Allocations: 9283)


Started GET "/portfolios" for ::1 at 2020-04-03 12:27:24 -0400
Processing by PortfoliosController#index as HTML
  [1m[36mPortfolio Load (1.8ms)[0m  [1m[34mSELECT "portfolios".* FROM "portfolios"[0m
  ↳ app/controllers/portfolios_controller.rb:4:in `index'
  [1m[36mPortfoliostock Load (0.3ms)[0m  [1m[34mSELECT "portfoliostocks".* FROM "portfoliostocks" WHERE "portfoliostocks"."portfolio_id" = $1[0m  [["portfolio_id", 1]]
  ↳ app/controllers/portfolios_controller.rb:4:in `index'
Completed 200 OK in 24ms (Views: 0.5ms | ActiveRecord: 7.8ms | Allocations: 4513)


Started GET "/stocks" for ::1 at 2020-04-03 12:27:39 -0400
Processing by StocksController#index as HTML
  [1m[36mStock Load (1.1ms)[0m  [1m[34mSELECT "stocks".* FROM "stocks"[0m
  ↳ app/controllers/stocks_controller.rb:5:in `index'
[active_model_serializers] Rendered ActiveModel::Serializer::CollectionSerializer with ActiveModelSerializers::Adapter::Attributes (0.13ms)
Completed 200 OK in 23ms (Views: 17.8ms | ActiveRecord: 2.5ms | Allocations: 2670)


Started GET "/users" for ::1 at 2020-04-03 12:27:43 -0400
Processing by UsersController#index as HTML
  [1m[36mUser Load (0.5ms)[0m  [1m[34mSELECT "users".* FROM "users"[0m
  ↳ app/controllers/users_controller.rb:6:in `index'
  [1m[36mPortfolio Load (0.4ms)[0m  [1m[34mSELECT "portfolios".* FROM "portfolios" WHERE "portfolios"."user_id" = $1[0m  [["user_id", 1]]
  ↳ app/controllers/users_controller.rb:6:in `index'
Completed 200 OK in 5ms (Views: 0.3ms | ActiveRecord: 0.8ms | Allocations: 1612)


Started GET "/portfolios" for ::1 at 2020-04-03 12:28:48 -0400
Processing by PortfoliosController#index as HTML
  [1m[36mPortfolio Load (0.4ms)[0m  [1m[34mSELECT "portfolios".* FROM "portfolios"[0m
  ↳ app/controllers/portfolios_controller.rb:4:in `index'
  [1m[36mPortfoliostock Load (0.4ms)[0m  [1m[34mSELECT "portfoliostocks".* FROM "portfoliostocks" WHERE "portfoliostocks"."portfolio_id" = $1[0m  [["portfolio_id", 1]]
  ↳ app/controllers/portfolios_controller.rb:4:in `index'
Completed 200 OK in 6ms (Views: 0.3ms | ActiveRecord: 0.8ms | Allocations: 1567)


Started GET "/stocks" for ::1 at 2020-04-03 12:29:11 -0400
Processing by StocksController#index as HTML
  [1m[36mStock Load (0.3ms)[0m  [1m[34mSELECT "stocks".* FROM "stocks"[0m
  ↳ app/controllers/stocks_controller.rb:5:in `index'
[active_model_serializers] Rendered ActiveModel::Serializer::CollectionSerializer with ActiveModelSerializers::Adapter::Attributes (0.06ms)
Completed 200 OK in 3ms (Views: 2.2ms | ActiveRecord: 0.3ms | Allocations: 922)


  [1m[35m (0.7ms)[0m  [1m[34mSELECT "schema_migrations"."version" FROM "schema_migrations" ORDER BY "schema_migrations"."version" ASC[0m
  [1m[35m (0.4ms)[0m  [1m[34mSELECT "ar_internal_metadata"."value" FROM "ar_internal_metadata" WHERE "ar_internal_metadata"."key" = $1[0m  [["key", "environment"]]
  [1m[35m (0.2ms)[0m  [1m[34mSELECT "schema_migrations"."version" FROM "schema_migrations" ORDER BY "schema_migrations"."version" ASC[0m
  [1m[35m (0.2ms)[0m  [1m[34mSELECT "ar_internal_metadata"."value" FROM "ar_internal_metadata" WHERE "ar_internal_metadata"."key" = $1[0m  [["key", "environment"]]
  [1m[35m (0.3ms)[0m  [1m[34mSELECT "schema_migrations"."version" FROM "schema_migrations" ORDER BY "schema_migrations"."version" ASC[0m
  [1m[35m (0.2ms)[0m  [1m[34mSELECT "ar_internal_metadata"."value" FROM "ar_internal_metadata" WHERE "ar_internal_metadata"."key" = $1[0m  [["key", "environment"]]
  [1m[35m (77.0ms)[0m  [1m[35mDROP DATABASE IF EXISTS "Portfolio_Tracker_Backend_development"[0m
  [1m[35m (51.4ms)[0m  [1m[35mDROP DATABASE IF EXISTS "Portfolio_Tracker_Backend_test"[0m
  [1m[35m (123.3ms)[0m  [1m[35mCREATE DATABASE "Portfolio_Tracker_Backend_development" ENCODING = 'unicode'[0m
  [1m[35m (123.7ms)[0m  [1m[35mCREATE DATABASE "Portfolio_Tracker_Backend_test" ENCODING = 'unicode'[0m
  [1m[35m (6.9ms)[0m  [1m[35mCREATE TABLE "schema_migrations" ("version" character varying NOT NULL PRIMARY KEY)[0m
  [1m[35m (3.4ms)[0m  [1m[35mCREATE TABLE "ar_internal_metadata" ("key" character varying NOT NULL PRIMARY KEY, "value" character varying, "created_at" timestamp(6) NOT NULL, "updated_at" timestamp(6) NOT NULL)[0m
  [1m[35m (0.4ms)[0m  [1m[34mSELECT pg_try_advisory_lock(1030597571457572370)[0m
  [1m[35m (1.0ms)[0m  [1m[34mSELECT "schema_migrations"."version" FROM "schema_migrations" ORDER BY "schema_migrations"."version" ASC[0m
Migrating to CreateUser (1)
  [1m[35m (0.3ms)[0m  [1m[35mBEGIN[0m
  [1m[35m (9.1ms)[0m  [1m[35mCREATE TABLE "users" ("id" bigserial primary key, "username" character varying, "password" character varying, "email" character varying)[0m
  [1m[36mprimary::SchemaMigration Create (0.6ms)[0m  [1m[32mINSERT INTO "schema_migrations" ("version") VALUES ($1) RETURNING "version"[0m  [["version", "1"]]
  [1m[35m (0.9ms)[0m  [1m[35mCOMMIT[0m
Migrating to CreatePortfolio (2)
  [1m[35m (0.5ms)[0m  [1m[35mBEGIN[0m
  [1m[35m (9.2ms)[0m  [1m[35mCREATE TABLE "portfolios" ("id" bigserial primary key, "name" character varying, "user_id" integer)[0m
  [1m[36mprimary::SchemaMigration Create (0.4ms)[0m  [1m[32mINSERT INTO "schema_migrations" ("version") VALUES ($1) RETURNING "version"[0m  [["version", "2"]]
  [1m[35m (0.7ms)[0m  [1m[35mCOMMIT[0m
Migrating to CreatePortfolioStock (3)
  [1m[35m (0.5ms)[0m  [1m[35mBEGIN[0m
  [1m[35m (5.8ms)[0m  [1m[35mCREATE TABLE "portfoliostocks" ("id" bigserial primary key, "portfolio_id" integer, "stock_id" integer)[0m
  [1m[36mprimary::SchemaMigration Create (0.4ms)[0m  [1m[32mINSERT INTO "schema_migrations" ("version") VALUES ($1) RETURNING "version"[0m  [["version", "3"]]
  [1m[35m (0.6ms)[0m  [1m[35mCOMMIT[0m
Migrating to CreateStock (4)
  [1m[35m (5.3ms)[0m  [1m[35mBEGIN[0m
  [1m[35m (7.3ms)[0m  [1m[35mCREATE TABLE "stocks" ("id" bigserial primary key, "portfoliostock_id" integer, "ticker" character varying)[0m
  [1m[36mprimary::SchemaMigration Create (0.4ms)[0m  [1m[32mINSERT INTO "schema_migrations" ("version") VALUES ($1) RETURNING "version"[0m  [["version", "4"]]
  [1m[35m (1.8ms)[0m  [1m[35mCOMMIT[0m
Migrating to AddColumnToUsers (5)
  [1m[35m (1.6ms)[0m  [1m[35mBEGIN[0m
  [1m[35m (0.7ms)[0m  [1m[35mALTER TABLE "users" ADD "password_digest" character varying[0m
  [1m[36mprimary::SchemaMigration Create (0.5ms)[0m  [1m[32mINSERT INTO "schema_migrations" ("version") VALUES ($1) RETURNING "version"[0m  [["version", "5"]]
  [1m[35m (0.5ms)[0m  [1m[35mCOMMIT[0m
Migrating to AddColumnToPortfolios (6)
  [1m[35m (0.5ms)[0m  [1m[35mBEGIN[0m
  [1m[35m (1.0ms)[0m  [1m[35mALTER TABLE "portfolios" ADD "username" character varying[0m
  [1m[36mprimary::SchemaMigration Create (0.4ms)[0m  [1m[32mINSERT INTO "schema_migrations" ("version") VALUES ($1) RETURNING "version"[0m  [["version", "6"]]
  [1m[35m (1.7ms)[0m  [1m[35mCOMMIT[0m
  [1m[36mActiveRecord::InternalMetadata Load (0.6ms)[0m  [1m[34mSELECT "ar_internal_metadata".* FROM "ar_internal_metadata" WHERE "ar_internal_metadata"."key" = $1 LIMIT $2[0m  [["key", "environment"], ["LIMIT", 1]]
  [1m[35m (0.2ms)[0m  [1m[35mBEGIN[0m
  [1m[36mActiveRecord::InternalMetadata Create (0.6ms)[0m  [1m[32mINSERT INTO "ar_internal_metadata" ("key", "value", "created_at", "updated_at") VALUES ($1, $2, $3, $4) RETURNING "key"[0m  [["key", "environment"], ["value", "development"], ["created_at", "2020-04-03 16:34:26.702139"], ["updated_at", "2020-04-03 16:34:26.702139"]]
  [1m[35m (1.4ms)[0m  [1m[35mCOMMIT[0m
  [1m[35m (0.9ms)[0m  [1m[34mSELECT pg_advisory_unlock(1030597571457572370)[0m
  [1m[35m (1.3ms)[0m  [1m[34mSELECT "schema_migrations"."version" FROM "schema_migrations" ORDER BY "schema_migrations"."version" ASC[0m
  [1m[35m (1.2ms)[0m  [1m[34mSELECT "schema_migrations"."version" FROM "schema_migrations" ORDER BY "schema_migrations"."version" ASC[0m
  [1m[35m (0.3ms)[0m  [1m[35mBEGIN[0m
  [1m[36mUser Exists? (1.5ms)[0m  [1m[34mSELECT 1 AS one FROM "users" WHERE "users"."username" = $1 LIMIT $2[0m  [["username", "Ben"], ["LIMIT", 1]]
  [1m[36mUser Create (1.3ms)[0m  [1m[32mINSERT INTO "users" ("username", "email", "password_digest") VALUES ($1, $2, $3) RETURNING "id"[0m  [["username", "Ben"], ["email", "example@gmail.com"], ["password_digest", "$2a$12$SBg2PSmjRzKX03C4N38woeqYz0gvjmWkuaALzZgpxJWQLqo5/Ai5S"]]
  [1m[35m (0.9ms)[0m  [1m[35mCOMMIT[0m
  [1m[35m (0.2ms)[0m  [1m[35mBEGIN[0m
  [1m[36mUser Load (0.2ms)[0m  [1m[34mSELECT "users".* FROM "users" WHERE "users"."id" = $1 LIMIT $2[0m  [["id", 1], ["LIMIT", 1]]
  [1m[36mPortfolio Create (0.8ms)[0m  [1m[32mINSERT INTO "portfolios" ("name", "user_id") VALUES ($1, $2) RETURNING "id"[0m  [["name", "testPort"], ["user_id", 1]]
  [1m[35m (0.7ms)[0m  [1m[35mCOMMIT[0m
  [1m[35m (0.2ms)[0m  [1m[35mBEGIN[0m
  [1m[36mPortfolio Load (0.4ms)[0m  [1m[34mSELECT "portfolios".* FROM "portfolios" WHERE "portfolios"."id" = $1 LIMIT $2[0m  [["id", 1], ["LIMIT", 1]]
  [1m[36mPortfoliostock Create (0.8ms)[0m  [1m[32mINSERT INTO "portfoliostocks" ("portfolio_id", "stock_id") VALUES ($1, $2) RETURNING "id"[0m  [["portfolio_id", 1], ["stock_id", 1]]
  [1m[35m (0.5ms)[0m  [1m[35mCOMMIT[0m
  [1m[35m (0.2ms)[0m  [1m[35mBEGIN[0m
  [1m[36mPortfoliostock Load (0.3ms)[0m  [1m[34mSELECT "portfoliostocks".* FROM "portfoliostocks" WHERE "portfoliostocks"."id" = $1 LIMIT $2[0m  [["id", 1], ["LIMIT", 1]]
  [1m[36mStock Create (1.2ms)[0m  [1m[32mINSERT INTO "stocks" ("portfoliostock_id", "ticker") VALUES ($1, $2) RETURNING "id"[0m  [["portfoliostock_id", 1], ["ticker", "BAC"]]
  [1m[35m (0.5ms)[0m  [1m[35mCOMMIT[0m
  [1m[35m (0.2ms)[0m  [1m[35mBEGIN[0m
  [1m[36mPortfoliostock Load (0.4ms)[0m  [1m[34mSELECT "portfoliostocks".* FROM "portfoliostocks" WHERE "portfoliostocks"."id" = $1 LIMIT $2[0m  [["id", 1], ["LIMIT", 1]]
  [1m[36mStock Create (0.5ms)[0m  [1m[32mINSERT INTO "stocks" ("portfoliostock_id", "ticker") VALUES ($1, $2) RETURNING "id"[0m  [["portfoliostock_id", 1], ["ticker", "C"]]
  [1m[35m (0.6ms)[0m  [1m[35mCOMMIT[0m
Started GET "/stocks" for ::1 at 2020-04-03 12:34:39 -0400
  [1m[35m (0.7ms)[0m  [1m[34mSELECT "schema_migrations"."version" FROM "schema_migrations" ORDER BY "schema_migrations"."version" ASC[0m
Processing by StocksController#index as HTML
  [1m[36mStock Load (1.4ms)[0m  [1m[34mSELECT "stocks".* FROM "stocks"[0m
  ↳ app/controllers/stocks_controller.rb:5:in `index'
No serializer found for resource: #<Stock id: 1, portfoliostock_id: 1, ticker: "BAC">
[active_model_serializers] Rendered ActiveModel::Serializer::CollectionSerializer with Stock::ActiveRecord_Relation (0.47ms)
Completed 200 OK in 27ms (Views: 14.3ms | ActiveRecord: 10.6ms | Allocations: 4765)


Started GET "/portfolios" for ::1 at 2020-04-03 12:34:46 -0400
Processing by PortfoliosController#index as HTML
  [1m[36mPortfolio Load (1.1ms)[0m  [1m[34mSELECT "portfolios".* FROM "portfolios"[0m
  ↳ app/controllers/portfolios_controller.rb:4:in `index'
  [1m[36mPortfoliostock Load (0.6ms)[0m  [1m[34mSELECT "portfoliostocks".* FROM "portfoliostocks" WHERE "portfoliostocks"."portfolio_id" = $1[0m  [["portfolio_id", 1]]
  ↳ app/controllers/portfolios_controller.rb:4:in `index'
Completed 200 OK in 39ms (Views: 0.4ms | ActiveRecord: 9.6ms | Allocations: 10419)


Started GET "/portfoliostocks" for ::1 at 2020-04-03 12:35:08 -0400
Processing by PortfoliostocksController#index as HTML
  [1m[36mPortfoliostock Load (0.4ms)[0m  [1m[34mSELECT "portfoliostocks".* FROM "portfoliostocks"[0m
  ↳ app/controllers/portfoliostocks_controller.rb:4:in `index'
  [1m[36mStock Load (0.2ms)[0m  [1m[34mSELECT "stocks".* FROM "stocks" WHERE "stocks"."portfoliostock_id" = $1[0m  [["portfoliostock_id", 1]]
  ↳ app/controllers/portfoliostocks_controller.rb:4:in `index'
Completed 200 OK in 6ms (Views: 0.3ms | ActiveRecord: 0.6ms | Allocations: 1915)


Started GET "/portfolios" for ::1 at 2020-04-03 12:35:23 -0400
Processing by PortfoliosController#index as HTML
  [1m[36mPortfolio Load (0.4ms)[0m  [1m[34mSELECT "portfolios".* FROM "portfolios"[0m
  ↳ app/controllers/portfolios_controller.rb:4:in `index'
  [1m[36mPortfoliostock Load (0.4ms)[0m  [1m[34mSELECT "portfoliostocks".* FROM "portfoliostocks" WHERE "portfoliostocks"."portfolio_id" = $1[0m  [["portfolio_id", 1]]
  ↳ app/controllers/portfolios_controller.rb:4:in `index'
Completed 200 OK in 6ms (Views: 0.3ms | ActiveRecord: 0.7ms | Allocations: 1567)


  [1m[35m (0.8ms)[0m  [1m[34mSELECT "schema_migrations"."version" FROM "schema_migrations" ORDER BY "schema_migrations"."version" ASC[0m
  [1m[35m (0.2ms)[0m  [1m[35mBEGIN[0m
  [1m[36mUser Exists? (0.9ms)[0m  [1m[34mSELECT 1 AS one FROM "users" WHERE "users"."username" = $1 LIMIT $2[0m  [["username", "Ben"], ["LIMIT", 1]]
  [1m[35m (0.3ms)[0m  [1m[31mROLLBACK[0m
  [1m[35m (0.2ms)[0m  [1m[35mBEGIN[0m
  [1m[36mUser Load (0.3ms)[0m  [1m[34mSELECT "users".* FROM "users" WHERE "users"."id" = $1 LIMIT $2[0m  [["id", 1], ["LIMIT", 1]]
  [1m[36mPortfolio Create (0.9ms)[0m  [1m[32mINSERT INTO "portfolios" ("name", "user_id") VALUES ($1, $2) RETURNING "id"[0m  [["name", "testPort"], ["user_id", 1]]
  [1m[35m (1.0ms)[0m  [1m[35mCOMMIT[0m
  [1m[35m (0.3ms)[0m  [1m[35mBEGIN[0m
  [1m[36mPortfolio Load (0.6ms)[0m  [1m[34mSELECT "portfolios".* FROM "portfolios" WHERE "portfolios"."id" = $1 LIMIT $2[0m  [["id", 1], ["LIMIT", 1]]
  [1m[36mPortfoliostock Create (0.8ms)[0m  [1m[32mINSERT INTO "portfoliostocks" ("portfolio_id", "stock_id") VALUES ($1, $2) RETURNING "id"[0m  [["portfolio_id", 1], ["stock_id", 1]]
  [1m[35m (0.6ms)[0m  [1m[35mCOMMIT[0m
  [1m[35m (0.3ms)[0m  [1m[35mBEGIN[0m
  [1m[36mPortfolio Load (0.5ms)[0m  [1m[34mSELECT "portfolios".* FROM "portfolios" WHERE "portfolios"."id" = $1 LIMIT $2[0m  [["id", 1], ["LIMIT", 1]]
  [1m[36mPortfoliostock Create (0.5ms)[0m  [1m[32mINSERT INTO "portfoliostocks" ("portfolio_id", "stock_id") VALUES ($1, $2) RETURNING "id"[0m  [["portfolio_id", 1], ["stock_id", 2]]
  [1m[35m (0.5ms)[0m  [1m[35mCOMMIT[0m
  [1m[35m (0.3ms)[0m  [1m[35mBEGIN[0m
  [1m[36mPortfoliostock Load (0.4ms)[0m  [1m[34mSELECT "portfoliostocks".* FROM "portfoliostocks" WHERE "portfoliostocks"."id" = $1 LIMIT $2[0m  [["id", 1], ["LIMIT", 1]]
  [1m[36mStock Create (0.6ms)[0m  [1m[32mINSERT INTO "stocks" ("portfoliostock_id", "ticker") VALUES ($1, $2) RETURNING "id"[0m  [["portfoliostock_id", 1], ["ticker", "BAC"]]
  [1m[35m (0.4ms)[0m  [1m[35mCOMMIT[0m
  [1m[35m (0.1ms)[0m  [1m[35mBEGIN[0m
  [1m[36mPortfoliostock Load (0.2ms)[0m  [1m[34mSELECT "portfoliostocks".* FROM "portfoliostocks" WHERE "portfoliostocks"."id" = $1 LIMIT $2[0m  [["id", 1], ["LIMIT", 1]]
  [1m[36mStock Create (0.4ms)[0m  [1m[32mINSERT INTO "stocks" ("portfoliostock_id", "ticker") VALUES ($1, $2) RETURNING "id"[0m  [["portfoliostock_id", 1], ["ticker", "C"]]
  [1m[35m (0.5ms)[0m  [1m[35mCOMMIT[0m
Started GET "/portfolios" for ::1 at 2020-04-03 12:36:37 -0400
  [1m[35m (1.4ms)[0m  [1m[34mSELECT "schema_migrations"."version" FROM "schema_migrations" ORDER BY "schema_migrations"."version" ASC[0m
Processing by PortfoliosController#index as HTML
  [1m[36mPortfolio Load (0.7ms)[0m  [1m[34mSELECT "portfolios".* FROM "portfolios"[0m
  ↳ app/controllers/portfolios_controller.rb:4:in `index'
  [1m[36mPortfoliostock Load (0.5ms)[0m  [1m[34mSELECT "portfoliostocks".* FROM "portfoliostocks" WHERE "portfoliostocks"."portfolio_id" = $1[0m  [["portfolio_id", 1]]
  ↳ app/controllers/portfolios_controller.rb:4:in `index'
  [1m[36mPortfoliostock Load (0.3ms)[0m  [1m[34mSELECT "portfoliostocks".* FROM "portfoliostocks" WHERE "portfoliostocks"."portfolio_id" = $1[0m  [["portfolio_id", 2]]
  ↳ app/controllers/portfolios_controller.rb:4:in `index'
Completed 200 OK in 35ms (Views: 0.4ms | ActiveRecord: 11.1ms | Allocations: 12251)


  [1m[35m (0.7ms)[0m  [1m[34mSELECT "schema_migrations"."version" FROM "schema_migrations" ORDER BY "schema_migrations"."version" ASC[0m
  [1m[35m (0.3ms)[0m  [1m[34mSELECT "ar_internal_metadata"."value" FROM "ar_internal_metadata" WHERE "ar_internal_metadata"."key" = $1[0m  [["key", "environment"]]
  [1m[35m (0.2ms)[0m  [1m[34mSELECT "schema_migrations"."version" FROM "schema_migrations" ORDER BY "schema_migrations"."version" ASC[0m
  [1m[35m (0.2ms)[0m  [1m[34mSELECT "ar_internal_metadata"."value" FROM "ar_internal_metadata" WHERE "ar_internal_metadata"."key" = $1[0m  [["key", "environment"]]
  [1m[35m (0.2ms)[0m  [1m[34mSELECT "schema_migrations"."version" FROM "schema_migrations" ORDER BY "schema_migrations"."version" ASC[0m
  [1m[35m (0.1ms)[0m  [1m[34mSELECT "ar_internal_metadata"."value" FROM "ar_internal_metadata" WHERE "ar_internal_metadata"."key" = $1[0m  [["key", "environment"]]
  [1m[35m (55.7ms)[0m  [1m[35mDROP DATABASE IF EXISTS "Portfolio_Tracker_Backend_development"[0m
  [1m[35m (48.4ms)[0m  [1m[35mDROP DATABASE IF EXISTS "Portfolio_Tracker_Backend_test"[0m
  [1m[35m (156.6ms)[0m  [1m[35mCREATE DATABASE "Portfolio_Tracker_Backend_development" ENCODING = 'unicode'[0m
  [1m[35m (174.1ms)[0m  [1m[35mCREATE DATABASE "Portfolio_Tracker_Backend_test" ENCODING = 'unicode'[0m
  [1m[35m (6.8ms)[0m  [1m[35mCREATE TABLE "schema_migrations" ("version" character varying NOT NULL PRIMARY KEY)[0m
  [1m[35m (3.6ms)[0m  [1m[35mCREATE TABLE "ar_internal_metadata" ("key" character varying NOT NULL PRIMARY KEY, "value" character varying, "created_at" timestamp(6) NOT NULL, "updated_at" timestamp(6) NOT NULL)[0m
  [1m[35m (0.2ms)[0m  [1m[34mSELECT pg_try_advisory_lock(1030597571457572370)[0m
  [1m[35m (0.6ms)[0m  [1m[34mSELECT "schema_migrations"."version" FROM "schema_migrations" ORDER BY "schema_migrations"."version" ASC[0m
Migrating to CreateUser (1)
  [1m[35m (0.2ms)[0m  [1m[35mBEGIN[0m
  [1m[35m (5.6ms)[0m  [1m[35mCREATE TABLE "users" ("id" bigserial primary key, "username" character varying, "password" character varying, "email" character varying)[0m
  [1m[36mprimary::SchemaMigration Create (4.2ms)[0m  [1m[32mINSERT INTO "schema_migrations" ("version") VALUES ($1) RETURNING "version"[0m  [["version", "1"]]
  [1m[35m (0.7ms)[0m  [1m[35mCOMMIT[0m
Migrating to CreatePortfolio (2)
  [1m[35m (0.5ms)[0m  [1m[35mBEGIN[0m
  [1m[35m (5.4ms)[0m  [1m[35mCREATE TABLE "portfolios" ("id" bigserial primary key, "name" character varying, "user_id" integer)[0m
  [1m[36mprimary::SchemaMigration Create (0.4ms)[0m  [1m[32mINSERT INTO "schema_migrations" ("version") VALUES ($1) RETURNING "version"[0m  [["version", "2"]]
  [1m[35m (0.6ms)[0m  [1m[35mCOMMIT[0m
Migrating to CreatePortfolioStock (3)
  [1m[35m (1.1ms)[0m  [1m[35mBEGIN[0m
  [1m[35m (3.5ms)[0m  [1m[35mCREATE TABLE "portfoliostocks" ("id" bigserial primary key, "portfolio_id" integer, "stock_id" integer)[0m
  [1m[36mprimary::SchemaMigration Create (0.3ms)[0m  [1m[32mINSERT INTO "schema_migrations" ("version") VALUES ($1) RETURNING "version"[0m  [["version", "3"]]
  [1m[35m (0.5ms)[0m  [1m[35mCOMMIT[0m
Migrating to CreateStock (4)
  [1m[35m (0.4ms)[0m  [1m[35mBEGIN[0m
  [1m[35m (4.8ms)[0m  [1m[35mCREATE TABLE "stocks" ("id" bigserial primary key, "portfoliostock_id" integer, "ticker" character varying)[0m
  [1m[36mprimary::SchemaMigration Create (0.3ms)[0m  [1m[32mINSERT INTO "schema_migrations" ("version") VALUES ($1) RETURNING "version"[0m  [["version", "4"]]
  [1m[35m (0.7ms)[0m  [1m[35mCOMMIT[0m
Migrating to AddColumnToUsers (5)
  [1m[35m (0.5ms)[0m  [1m[35mBEGIN[0m
  [1m[35m (0.7ms)[0m  [1m[35mALTER TABLE "users" ADD "password_digest" character varying[0m
  [1m[36mprimary::SchemaMigration Create (0.3ms)[0m  [1m[32mINSERT INTO "schema_migrations" ("version") VALUES ($1) RETURNING "version"[0m  [["version", "5"]]
  [1m[35m (1.6ms)[0m  [1m[35mCOMMIT[0m
Migrating to AddColumnToPortfolios (6)
  [1m[35m (1.6ms)[0m  [1m[35mBEGIN[0m
  [1m[35m (0.4ms)[0m  [1m[35mALTER TABLE "portfolios" ADD "username" character varying[0m
  [1m[36mprimary::SchemaMigration Create (0.9ms)[0m  [1m[32mINSERT INTO "schema_migrations" ("version") VALUES ($1) RETURNING "version"[0m  [["version", "6"]]
  [1m[35m (0.5ms)[0m  [1m[35mCOMMIT[0m
  [1m[36mActiveRecord::InternalMetadata Load (2.5ms)[0m  [1m[34mSELECT "ar_internal_metadata".* FROM "ar_internal_metadata" WHERE "ar_internal_metadata"."key" = $1 LIMIT $2[0m  [["key", "environment"], ["LIMIT", 1]]
  [1m[35m (0.2ms)[0m  [1m[35mBEGIN[0m
  [1m[36mActiveRecord::InternalMetadata Create (0.7ms)[0m  [1m[32mINSERT INTO "ar_internal_metadata" ("key", "value", "created_at", "updated_at") VALUES ($1, $2, $3, $4) RETURNING "key"[0m  [["key", "environment"], ["value", "development"], ["created_at", "2020-04-03 16:43:14.423757"], ["updated_at", "2020-04-03 16:43:14.423757"]]
  [1m[35m (0.5ms)[0m  [1m[35mCOMMIT[0m
  [1m[35m (0.2ms)[0m  [1m[34mSELECT pg_advisory_unlock(1030597571457572370)[0m
  [1m[35m (1.1ms)[0m  [1m[34mSELECT "schema_migrations"."version" FROM "schema_migrations" ORDER BY "schema_migrations"."version" ASC[0m
  [1m[35m (0.7ms)[0m  [1m[34mSELECT "schema_migrations"."version" FROM "schema_migrations" ORDER BY "schema_migrations"."version" ASC[0m
  [1m[36mUser Destroy (0.7ms)[0m  [1m[31mDELETE FROM "users"[0m
  [1m[36mPortfolio Destroy (0.4ms)[0m  [1m[31mDELETE FROM "portfolios"[0m
  [1m[36mPortfoliostock Destroy (0.4ms)[0m  [1m[31mDELETE FROM "portfoliostocks"[0m
  [1m[36mStock Destroy (0.4ms)[0m  [1m[31mDELETE FROM "stocks"[0m
  [1m[35m (0.2ms)[0m  [1m[35mBEGIN[0m
  [1m[36mUser Exists? (0.5ms)[0m  [1m[34mSELECT 1 AS one FROM "users" WHERE "users"."username" = $1 LIMIT $2[0m  [["username", "Ben"], ["LIMIT", 1]]
  [1m[36mUser Create (0.5ms)[0m  [1m[32mINSERT INTO "users" ("username", "email", "password_digest") VALUES ($1, $2, $3) RETURNING "id"[0m  [["username", "Ben"], ["email", "example@gmail.com"], ["password_digest", "$2a$12$rw34PZXFq/2SfB.jZXgpKOz80AoMCvVWeBoozYZ28Zz1yBpSQGztm"]]
  [1m[35m (1.0ms)[0m  [1m[35mCOMMIT[0m
  [1m[35m (0.2ms)[0m  [1m[35mBEGIN[0m
  [1m[36mUser Load (0.2ms)[0m  [1m[34mSELECT "users".* FROM "users" WHERE "users"."id" = $1 LIMIT $2[0m  [["id", 1], ["LIMIT", 1]]
  [1m[36mPortfolio Create (0.4ms)[0m  [1m[32mINSERT INTO "portfolios" ("name", "user_id") VALUES ($1, $2) RETURNING "id"[0m  [["name", "testPort"], ["user_id", 1]]
  [1m[35m (0.5ms)[0m  [1m[35mCOMMIT[0m
  [1m[35m (0.2ms)[0m  [1m[35mBEGIN[0m
  [1m[36mPortfolio Load (0.2ms)[0m  [1m[34mSELECT "portfolios".* FROM "portfolios" WHERE "portfolios"."id" = $1 LIMIT $2[0m  [["id", 1], ["LIMIT", 1]]
  [1m[36mPortfoliostock Create (0.4ms)[0m  [1m[32mINSERT INTO "portfoliostocks" ("portfolio_id", "stock_id") VALUES ($1, $2) RETURNING "id"[0m  [["portfolio_id", 1], ["stock_id", 1]]
  [1m[35m (0.5ms)[0m  [1m[35mCOMMIT[0m
  [1m[35m (0.2ms)[0m  [1m[35mBEGIN[0m
  [1m[36mPortfolio Load (0.2ms)[0m  [1m[34mSELECT "portfolios".* FROM "portfolios" WHERE "portfolios"."id" = $1 LIMIT $2[0m  [["id", 1], ["LIMIT", 1]]
  [1m[36mPortfoliostock Create (0.3ms)[0m  [1m[32mINSERT INTO "portfoliostocks" ("portfolio_id", "stock_id") VALUES ($1, $2) RETURNING "id"[0m  [["portfolio_id", 1], ["stock_id", 2]]
  [1m[35m (0.5ms)[0m  [1m[35mCOMMIT[0m
  [1m[35m (0.2ms)[0m  [1m[35mBEGIN[0m
  [1m[36mPortfoliostock Load (0.2ms)[0m  [1m[34mSELECT "portfoliostocks".* FROM "portfoliostocks" WHERE "portfoliostocks"."id" = $1 LIMIT $2[0m  [["id", 1], ["LIMIT", 1]]
  [1m[36mStock Create (0.3ms)[0m  [1m[32mINSERT INTO "stocks" ("portfoliostock_id", "ticker") VALUES ($1, $2) RETURNING "id"[0m  [["portfoliostock_id", 1], ["ticker", "BAC"]]
  [1m[35m (0.5ms)[0m  [1m[35mCOMMIT[0m
  [1m[35m (0.1ms)[0m  [1m[35mBEGIN[0m
  [1m[36mPortfoliostock Load (0.2ms)[0m  [1m[34mSELECT "portfoliostocks".* FROM "portfoliostocks" WHERE "portfoliostocks"."id" = $1 LIMIT $2[0m  [["id", 1], ["LIMIT", 1]]
  [1m[36mStock Create (0.3ms)[0m  [1m[32mINSERT INTO "stocks" ("portfoliostock_id", "ticker") VALUES ($1, $2) RETURNING "id"[0m  [["portfoliostock_id", 1], ["ticker", "C"]]
  [1m[35m (0.5ms)[0m  [1m[35mCOMMIT[0m
Started GET "/portfolios" for ::1 at 2020-04-03 12:43:26 -0400
  [1m[35m (0.8ms)[0m  [1m[34mSELECT "schema_migrations"."version" FROM "schema_migrations" ORDER BY "schema_migrations"."version" ASC[0m
Processing by PortfoliosController#index as HTML
  [1m[36mPortfolio Load (0.6ms)[0m  [1m[34mSELECT "portfolios".* FROM "portfolios"[0m
  ↳ app/controllers/portfolios_controller.rb:4:in `index'
  [1m[36mPortfoliostock Load (0.5ms)[0m  [1m[34mSELECT "portfoliostocks".* FROM "portfoliostocks" WHERE "portfoliostocks"."portfolio_id" = $1[0m  [["portfolio_id", 1]]
  ↳ app/controllers/portfolios_controller.rb:4:in `index'
Completed 200 OK in 30ms (Views: 0.6ms | ActiveRecord: 9.2ms | Allocations: 11345)


  [1m[35m (0.7ms)[0m  [1m[34mSELECT "schema_migrations"."version" FROM "schema_migrations" ORDER BY "schema_migrations"."version" ASC[0m
  [1m[35m (0.3ms)[0m  [1m[34mSELECT "ar_internal_metadata"."value" FROM "ar_internal_metadata" WHERE "ar_internal_metadata"."key" = $1[0m  [["key", "environment"]]
  [1m[35m (0.2ms)[0m  [1m[34mSELECT "schema_migrations"."version" FROM "schema_migrations" ORDER BY "schema_migrations"."version" ASC[0m
  [1m[35m (0.2ms)[0m  [1m[34mSELECT "ar_internal_metadata"."value" FROM "ar_internal_metadata" WHERE "ar_internal_metadata"."key" = $1[0m  [["key", "environment"]]
  [1m[35m (0.2ms)[0m  [1m[34mSELECT "schema_migrations"."version" FROM "schema_migrations" ORDER BY "schema_migrations"."version" ASC[0m
  [1m[35m (0.1ms)[0m  [1m[34mSELECT "ar_internal_metadata"."value" FROM "ar_internal_metadata" WHERE "ar_internal_metadata"."key" = $1[0m  [["key", "environment"]]
  [1m[35m (46.2ms)[0m  [1m[35mDROP DATABASE IF EXISTS "Portfolio_Tracker_Backend_development"[0m
  [1m[35m (41.0ms)[0m  [1m[35mDROP DATABASE IF EXISTS "Portfolio_Tracker_Backend_test"[0m
  [1m[35m (147.9ms)[0m  [1m[35mCREATE DATABASE "Portfolio_Tracker_Backend_development" ENCODING = 'unicode'[0m
  [1m[35m (164.9ms)[0m  [1m[35mCREATE DATABASE "Portfolio_Tracker_Backend_test" ENCODING = 'unicode'[0m
  [1m[35m (39.1ms)[0m  [1m[35mDROP DATABASE IF EXISTS "Portfolio_Tracker_Backend_development"[0m
  [1m[35m (50.4ms)[0m  [1m[35mDROP DATABASE IF EXISTS "Portfolio_Tracker_Backend_test"[0m
  [1m[35m (145.8ms)[0m  [1m[35mCREATE DATABASE "Portfolio_Tracker_Backend_development" ENCODING = 'unicode'[0m
  [1m[35m (134.6ms)[0m  [1m[35mCREATE DATABASE "Portfolio_Tracker_Backend_test" ENCODING = 'unicode'[0m
  [1m[35m (7.1ms)[0m  [1m[35mCREATE TABLE "schema_migrations" ("version" character varying NOT NULL PRIMARY KEY)[0m
  [1m[35m (5.0ms)[0m  [1m[35mCREATE TABLE "ar_internal_metadata" ("key" character varying NOT NULL PRIMARY KEY, "value" character varying, "created_at" timestamp(6) NOT NULL, "updated_at" timestamp(6) NOT NULL)[0m
  [1m[35m (0.2ms)[0m  [1m[34mSELECT pg_try_advisory_lock(1030597571457572370)[0m
  [1m[35m (0.5ms)[0m  [1m[34mSELECT "schema_migrations"."version" FROM "schema_migrations" ORDER BY "schema_migrations"."version" ASC[0m
Migrating to CreateUser (1)
  [1m[35m (0.2ms)[0m  [1m[35mBEGIN[0m
  [1m[35m (4.4ms)[0m  [1m[35mCREATE TABLE "users" ("id" bigserial primary key, "username" character varying, "password" character varying, "email" character varying)[0m
  [1m[36mprimary::SchemaMigration Create (0.5ms)[0m  [1m[32mINSERT INTO "schema_migrations" ("version") VALUES ($1) RETURNING "version"[0m  [["version", "1"]]
  [1m[35m (0.5ms)[0m  [1m[35mCOMMIT[0m
Migrating to CreatePortfolio (2)
  [1m[35m (0.4ms)[0m  [1m[35mBEGIN[0m
  [1m[35m (5.6ms)[0m  [1m[35mCREATE TABLE "portfolios" ("id" bigserial primary key, "name" character varying, "user_id" integer)[0m
  [1m[36mprimary::SchemaMigration Create (1.8ms)[0m  [1m[32mINSERT INTO "schema_migrations" ("version") VALUES ($1) RETURNING "version"[0m  [["version", "2"]]
  [1m[35m (0.5ms)[0m  [1m[35mCOMMIT[0m
Migrating to CreatePortfolioStock (3)
  [1m[35m (0.8ms)[0m  [1m[35mBEGIN[0m
  [1m[35m (2.5ms)[0m  [1m[35mCREATE TABLE "portfoliostocks" ("id" bigserial primary key, "portfolio_id" integer, "stock_id" integer)[0m
  [1m[36mprimary::SchemaMigration Create (1.4ms)[0m  [1m[32mINSERT INTO "schema_migrations" ("version") VALUES ($1) RETURNING "version"[0m  [["version", "3"]]
  [1m[35m (0.5ms)[0m  [1m[35mCOMMIT[0m
Migrating to CreateStock (4)
  [1m[35m (0.6ms)[0m  [1m[35mBEGIN[0m
  [1m[35m (5.6ms)[0m  [1m[35mCREATE TABLE "stocks" ("id" bigserial primary key, "ticker" character varying)[0m
  [1m[36mprimary::SchemaMigration Create (1.3ms)[0m  [1m[32mINSERT INTO "schema_migrations" ("version") VALUES ($1) RETURNING "version"[0m  [["version", "4"]]
  [1m[35m (1.8ms)[0m  [1m[35mCOMMIT[0m
Migrating to AddColumnToUsers (5)
  [1m[35m (1.4ms)[0m  [1m[35mBEGIN[0m
  [1m[35m (0.5ms)[0m  [1m[35mALTER TABLE "users" ADD "password_digest" character varying[0m
  [1m[36mprimary::SchemaMigration Create (0.4ms)[0m  [1m[32mINSERT INTO "schema_migrations" ("version") VALUES ($1) RETURNING "version"[0m  [["version", "5"]]
  [1m[35m (1.7ms)[0m  [1m[35mCOMMIT[0m
  [1m[36mActiveRecord::InternalMetadata Load (0.6ms)[0m  [1m[34mSELECT "ar_internal_metadata".* FROM "ar_internal_metadata" WHERE "ar_internal_metadata"."key" = $1 LIMIT $2[0m  [["key", "environment"], ["LIMIT", 1]]
  [1m[35m (3.5ms)[0m  [1m[35mBEGIN[0m
  [1m[36mActiveRecord::InternalMetadata Create (0.8ms)[0m  [1m[32mINSERT INTO "ar_internal_metadata" ("key", "value", "created_at", "updated_at") VALUES ($1, $2, $3, $4) RETURNING "key"[0m  [["key", "environment"], ["value", "development"], ["created_at", "2020-04-03 16:51:03.364284"], ["updated_at", "2020-04-03 16:51:03.364284"]]
  [1m[35m (4.3ms)[0m  [1m[35mCOMMIT[0m
  [1m[35m (0.8ms)[0m  [1m[34mSELECT pg_advisory_unlock(1030597571457572370)[0m
  [1m[35m (0.9ms)[0m  [1m[34mSELECT "schema_migrations"."version" FROM "schema_migrations" ORDER BY "schema_migrations"."version" ASC[0m
  [1m[35m (0.6ms)[0m  [1m[34mSELECT "schema_migrations"."version" FROM "schema_migrations" ORDER BY "schema_migrations"."version" ASC[0m
  [1m[36mUser Destroy (0.6ms)[0m  [1m[31mDELETE FROM "users"[0m
  [1m[36mPortfolio Destroy (0.4ms)[0m  [1m[31mDELETE FROM "portfolios"[0m
  [1m[36mPortfoliostock Destroy (0.4ms)[0m  [1m[31mDELETE FROM "portfoliostocks"[0m
  [1m[36mStock Destroy (0.4ms)[0m  [1m[31mDELETE FROM "stocks"[0m
  [1m[35m (0.3ms)[0m  [1m[35mBEGIN[0m
  [1m[36mUser Exists? (0.6ms)[0m  [1m[34mSELECT 1 AS one FROM "users" WHERE "users"."username" = $1 LIMIT $2[0m  [["username", "Ben"], ["LIMIT", 1]]
  [1m[36mUser Create (0.5ms)[0m  [1m[32mINSERT INTO "users" ("username", "email", "password_digest") VALUES ($1, $2, $3) RETURNING "id"[0m  [["username", "Ben"], ["email", "example@gmail.com"], ["password_digest", "$2a$12$hzFFOjgKwt46KgmWKvR/qeubV08MPSJm5v2IUANsg507FnbjYBZJW"]]
  [1m[35m (0.6ms)[0m  [1m[35mCOMMIT[0m
  [1m[35m (0.2ms)[0m  [1m[35mBEGIN[0m
  [1m[36mUser Load (0.2ms)[0m  [1m[34mSELECT "users".* FROM "users" WHERE "users"."id" = $1 LIMIT $2[0m  [["id", 1], ["LIMIT", 1]]
  [1m[36mPortfolio Create (0.4ms)[0m  [1m[32mINSERT INTO "portfolios" ("name", "user_id") VALUES ($1, $2) RETURNING "id"[0m  [["name", "testPort"], ["user_id", 1]]
  [1m[35m (0.6ms)[0m  [1m[35mCOMMIT[0m
  [1m[35m (0.2ms)[0m  [1m[35mBEGIN[0m
  [1m[36mUser Load (0.3ms)[0m  [1m[34mSELECT "users".* FROM "users" WHERE "users"."id" = $1 LIMIT $2[0m  [["id", 1], ["LIMIT", 1]]
  [1m[36mPortfolio Create (0.3ms)[0m  [1m[32mINSERT INTO "portfolios" ("name", "user_id") VALUES ($1, $2) RETURNING "id"[0m  [["name", "port2"], ["user_id", 1]]
  [1m[35m (0.5ms)[0m  [1m[35mCOMMIT[0m
  [1m[35m (0.2ms)[0m  [1m[35mBEGIN[0m
  [1m[36mPortfolio Load (0.2ms)[0m  [1m[34mSELECT "portfolios".* FROM "portfolios" WHERE "portfolios"."id" = $1 LIMIT $2[0m  [["id", 1], ["LIMIT", 1]]
  [1m[36mPortfoliostock Create (0.4ms)[0m  [1m[32mINSERT INTO "portfoliostocks" ("portfolio_id", "stock_id") VALUES ($1, $2) RETURNING "id"[0m  [["portfolio_id", 1], ["stock_id", 1]]
  [1m[35m (0.4ms)[0m  [1m[35mCOMMIT[0m
  [1m[35m (0.1ms)[0m  [1m[35mBEGIN[0m
  [1m[36mPortfolio Load (0.2ms)[0m  [1m[34mSELECT "portfolios".* FROM "portfolios" WHERE "portfolios"."id" = $1 LIMIT $2[0m  [["id", 1], ["LIMIT", 1]]
  [1m[36mPortfoliostock Create (0.3ms)[0m  [1m[32mINSERT INTO "portfoliostocks" ("portfolio_id", "stock_id") VALUES ($1, $2) RETURNING "id"[0m  [["portfolio_id", 1], ["stock_id", 2]]
  [1m[35m (0.5ms)[0m  [1m[35mCOMMIT[0m
  [1m[35m (0.1ms)[0m  [1m[35mBEGIN[0m
  [1m[36mPortfolio Load (0.2ms)[0m  [1m[34mSELECT "portfolios".* FROM "portfolios" WHERE "portfolios"."id" = $1 LIMIT $2[0m  [["id", 1], ["LIMIT", 1]]
  [1m[36mPortfoliostock Create (0.2ms)[0m  [1m[32mINSERT INTO "portfoliostocks" ("portfolio_id", "stock_id") VALUES ($1, $2) RETURNING "id"[0m  [["portfolio_id", 1], ["stock_id", 3]]
  [1m[35m (0.6ms)[0m  [1m[35mCOMMIT[0m
  [1m[35m (0.2ms)[0m  [1m[35mBEGIN[0m
  [1m[36mPortfolio Load (0.2ms)[0m  [1m[34mSELECT "portfolios".* FROM "portfolios" WHERE "portfolios"."id" = $1 LIMIT $2[0m  [["id", 2], ["LIMIT", 1]]
  [1m[36mPortfoliostock Create (0.2ms)[0m  [1m[32mINSERT INTO "portfoliostocks" ("portfolio_id", "stock_id") VALUES ($1, $2) RETURNING "id"[0m  [["portfolio_id", 2], ["stock_id", 1]]
  [1m[35m (0.6ms)[0m  [1m[35mCOMMIT[0m
  [1m[35m (0.2ms)[0m  [1m[35mBEGIN[0m
  [1m[36mStock Create (0.4ms)[0m  [1m[32mINSERT INTO "stocks" ("ticker") VALUES ($1) RETURNING "id"[0m  [["ticker", "BAC"]]
  [1m[35m (0.5ms)[0m  [1m[35mCOMMIT[0m
  [1m[35m (0.1ms)[0m  [1m[35mBEGIN[0m
  [1m[36mStock Create (0.2ms)[0m  [1m[32mINSERT INTO "stocks" ("ticker") VALUES ($1) RETURNING "id"[0m  [["ticker", "C"]]
  [1m[35m (0.5ms)[0m  [1m[35mCOMMIT[0m
  [1m[35m (0.1ms)[0m  [1m[35mBEGIN[0m
  [1m[36mStock Create (0.2ms)[0m  [1m[32mINSERT INTO "stocks" ("ticker") VALUES ($1) RETURNING "id"[0m  [["ticker", "F"]]
  [1m[35m (0.4ms)[0m  [1m[35mCOMMIT[0m
  [1m[35m (0.1ms)[0m  [1m[35mBEGIN[0m
  [1m[36mStock Create (0.2ms)[0m  [1m[32mINSERT INTO "stocks" ("ticker") VALUES ($1) RETURNING "id"[0m  [["ticker", "CGC"]]
  [1m[35m (0.4ms)[0m  [1m[35mCOMMIT[0m
  [1m[35m (0.1ms)[0m  [1m[35mBEGIN[0m
  [1m[36mStock Create (0.3ms)[0m  [1m[32mINSERT INTO "stocks" ("ticker") VALUES ($1) RETURNING "id"[0m  [["ticker", "CGC"]]
  [1m[35m (0.5ms)[0m  [1m[35mCOMMIT[0m
Started GET "/users" for ::1 at 2020-04-03 12:51:19 -0400
  [1m[35m (0.6ms)[0m  [1m[34mSELECT "schema_migrations"."version" FROM "schema_migrations" ORDER BY "schema_migrations"."version" ASC[0m
Processing by UsersController#index as HTML
  [1m[36mUser Load (0.6ms)[0m  [1m[34mSELECT "users".* FROM "users"[0m
  ↳ app/controllers/users_controller.rb:6:in `index'
  [1m[36mPortfolio Load (0.3ms)[0m  [1m[34mSELECT "portfolios".* FROM "portfolios" WHERE "portfolios"."user_id" = $1[0m  [["user_id", 1]]
  ↳ app/controllers/users_controller.rb:6:in `index'
Completed 200 OK in 28ms (Views: 0.5ms | ActiveRecord: 8.0ms | Allocations: 12036)


Started GET "/portfolios" for ::1 at 2020-04-03 12:51:25 -0400
Processing by PortfoliosController#index as HTML
  [1m[36mPortfolio Load (0.4ms)[0m  [1m[34mSELECT "portfolios".* FROM "portfolios"[0m
  ↳ app/controllers/portfolios_controller.rb:4:in `index'
  [1m[36mPortfoliostock Load (0.3ms)[0m  [1m[34mSELECT "portfoliostocks".* FROM "portfoliostocks" WHERE "portfoliostocks"."portfolio_id" = $1[0m  [["portfolio_id", 1]]
  ↳ app/controllers/portfolios_controller.rb:4:in `index'
  [1m[36mPortfoliostock Load (0.2ms)[0m  [1m[34mSELECT "portfoliostocks".* FROM "portfoliostocks" WHERE "portfoliostocks"."portfolio_id" = $1[0m  [["portfolio_id", 2]]
  ↳ app/controllers/portfolios_controller.rb:4:in `index'
Completed 200 OK in 13ms (Views: 0.2ms | ActiveRecord: 4.2ms | Allocations: 5119)


Started GET "/stocks" for ::1 at 2020-04-03 12:51:49 -0400
Processing by StocksController#index as HTML
  [1m[36mStock Load (0.8ms)[0m  [1m[34mSELECT "stocks".* FROM "stocks"[0m
  ↳ app/controllers/stocks_controller.rb:5:in `index'
No serializer found for resource: #<Stock id: 1, ticker: "BAC">
[active_model_serializers] Rendered ActiveModel::Serializer::CollectionSerializer with Stock::ActiveRecord_Relation (0.35ms)
Completed 200 OK in 13ms (Views: 7.3ms | ActiveRecord: 3.9ms | Allocations: 3159)


Started GET "/users" for ::1 at 2020-04-03 12:52:00 -0400
Processing by UsersController#index as HTML
  [1m[36mUser Load (0.4ms)[0m  [1m[34mSELECT "users".* FROM "users"[0m
  ↳ app/controllers/users_controller.rb:6:in `index'
  [1m[36mPortfolio Load (1.3ms)[0m  [1m[34mSELECT "portfolios".* FROM "portfolios" WHERE "portfolios"."user_id" = $1[0m  [["user_id", 1]]
  ↳ app/controllers/users_controller.rb:6:in `index'
Completed 200 OK in 7ms (Views: 0.3ms | ActiveRecord: 1.7ms | Allocations: 1669)


Started GET "/portfolios" for ::1 at 2020-04-03 12:52:10 -0400
Processing by PortfoliosController#index as HTML
  [1m[36mPortfolio Load (0.9ms)[0m  [1m[34mSELECT "portfolios".* FROM "portfolios"[0m
  ↳ app/controllers/portfolios_controller.rb:4:in `index'
  [1m[36mPortfoliostock Load (0.3ms)[0m  [1m[34mSELECT "portfoliostocks".* FROM "portfoliostocks" WHERE "portfoliostocks"."portfolio_id" = $1[0m  [["portfolio_id", 1]]
  ↳ app/controllers/portfolios_controller.rb:4:in `index'
  [1m[36mPortfoliostock Load (0.4ms)[0m  [1m[34mSELECT "portfoliostocks".* FROM "portfoliostocks" WHERE "portfoliostocks"."portfolio_id" = $1[0m  [["portfolio_id", 2]]
  ↳ app/controllers/portfolios_controller.rb:4:in `index'
Completed 200 OK in 10ms (Views: 0.3ms | ActiveRecord: 1.6ms | Allocations: 2599)


Started GET "/stocks" for ::1 at 2020-04-03 12:53:07 -0400
Processing by StocksController#index as HTML
  [1m[36mStock Load (3.3ms)[0m  [1m[34mSELECT "stocks".* FROM "stocks"[0m
  ↳ app/controllers/stocks_controller.rb:5:in `index'
No serializer found for resource: #<Stock id: 1, ticker: "BAC">
[active_model_serializers] Rendered ActiveModel::Serializer::CollectionSerializer with Stock::ActiveRecord_Relation (0.38ms)
Completed 200 OK in 6ms (Views: 2.9ms | ActiveRecord: 3.3ms | Allocations: 1263)


Started GET "/users" for ::1 at 2020-04-03 15:04:28 -0400
  [1m[35m (0.6ms)[0m  [1m[34mSELECT "schema_migrations"."version" FROM "schema_migrations" ORDER BY "schema_migrations"."version" ASC[0m
Processing by UsersController#index as HTML
  [1m[36mUser Load (0.7ms)[0m  [1m[34mSELECT "users".* FROM "users"[0m
  ↳ app/controllers/users_controller.rb:6:in `index'
  [1m[36mPortfolio Load (0.3ms)[0m  [1m[34mSELECT "portfolios".* FROM "portfolios" WHERE "portfolios"."user_id" = $1[0m  [["user_id", 1]]
  ↳ app/controllers/users_controller.rb:6:in `index'
Completed 200 OK in 34ms (Views: 0.5ms | ActiveRecord: 9.4ms | Allocations: 12036)


Started GET "/users" for ::1 at 2020-04-03 15:04:49 -0400
Processing by UsersController#index as HTML
  [1m[36mUser Load (0.4ms)[0m  [1m[34mSELECT "users".* FROM "users"[0m
  ↳ app/controllers/users_controller.rb:6:in `index'
  [1m[36mPortfolio Load (0.6ms)[0m  [1m[34mSELECT "portfolios".* FROM "portfolios" WHERE "portfolios"."user_id" = $1[0m  [["user_id", 1]]
  ↳ app/controllers/users_controller.rb:6:in `index'
Completed 200 OK in 6ms (Views: 0.2ms | ActiveRecord: 0.9ms | Allocations: 1689)


Started GET "/portfolios" for ::1 at 2020-04-03 15:05:25 -0400
Processing by PortfoliosController#index as HTML
  [1m[36mPortfolio Load (0.6ms)[0m  [1m[34mSELECT "portfolios".* FROM "portfolios"[0m
  ↳ app/controllers/portfolios_controller.rb:4:in `index'
  [1m[36mPortfoliostock Load (0.4ms)[0m  [1m[34mSELECT "portfoliostocks".* FROM "portfoliostocks" WHERE "portfoliostocks"."portfolio_id" = $1[0m  [["portfolio_id", 1]]
  ↳ app/controllers/portfolios_controller.rb:4:in `index'
  [1m[36mPortfoliostock Load (0.2ms)[0m  [1m[34mSELECT "portfoliostocks".* FROM "portfoliostocks" WHERE "portfoliostocks"."portfolio_id" = $1[0m  [["portfolio_id", 2]]
  ↳ app/controllers/portfolios_controller.rb:4:in `index'
Completed 200 OK in 13ms (Views: 0.4ms | ActiveRecord: 4.3ms | Allocations: 5119)


Started GET "/stocks" for ::1 at 2020-04-03 15:06:05 -0400
Processing by StocksController#index as HTML
  [1m[36mStock Load (0.6ms)[0m  [1m[34mSELECT "stocks".* FROM "stocks"[0m
  ↳ app/controllers/stocks_controller.rb:5:in `index'
No serializer found for resource: #<Stock id: 1, ticker: "BAC">
[active_model_serializers] Rendered ActiveModel::Serializer::CollectionSerializer with Stock::ActiveRecord_Relation (0.29ms)
Completed 200 OK in 9ms (Views: 4.6ms | ActiveRecord: 3.2ms | Allocations: 3159)


Started GET "/pizzas" for ::1 at 2020-04-03 15:07:43 -0400
  
ActionController::RoutingError (No route matches [GET] "/pizzas"):
  
actionpack (6.0.2.2) lib/action_dispatch/middleware/debug_exceptions.rb:36:in `call'
actionpack (6.0.2.2) lib/action_dispatch/middleware/show_exceptions.rb:33:in `call'
railties (6.0.2.2) lib/rails/rack/logger.rb:38:in `call_app'
railties (6.0.2.2) lib/rails/rack/logger.rb:26:in `block in call'
activesupport (6.0.2.2) lib/active_support/tagged_logging.rb:80:in `block in tagged'
activesupport (6.0.2.2) lib/active_support/tagged_logging.rb:28:in `tagged'
activesupport (6.0.2.2) lib/active_support/tagged_logging.rb:80:in `tagged'
railties (6.0.2.2) lib/rails/rack/logger.rb:26:in `call'
actionpack (6.0.2.2) lib/action_dispatch/middleware/remote_ip.rb:81:in `call'
actionpack (6.0.2.2) lib/action_dispatch/middleware/request_id.rb:27:in `call'
rack (2.2.2) lib/rack/runtime.rb:22:in `call'
activesupport (6.0.2.2) lib/active_support/cache/strategy/local_cache_middleware.rb:29:in `call'
actionpack (6.0.2.2) lib/action_dispatch/middleware/executor.rb:14:in `call'
actionpack (6.0.2.2) lib/action_dispatch/middleware/static.rb:126:in `call'
rack (2.2.2) lib/rack/sendfile.rb:110:in `call'
actionpack (6.0.2.2) lib/action_dispatch/middleware/host_authorization.rb:83:in `call'
rack-cors (1.1.1) lib/rack/cors.rb:100:in `call'
railties (6.0.2.2) lib/rails/engine.rb:526:in `call'
puma (4.3.3) lib/puma/configuration.rb:228:in `call'
puma (4.3.3) lib/puma/server.rb:682:in `handle_request'
puma (4.3.3) lib/puma/server.rb:472:in `process_client'
puma (4.3.3) lib/puma/server.rb:328:in `block in run'
puma (4.3.3) lib/puma/thread_pool.rb:134:in `block in spawn_thread'
Started GET "/pizzas" for ::1 at 2020-04-03 15:12:58 -0400
  
ActionController::RoutingError (No route matches [GET] "/pizzas"):
  
actionpack (6.0.2.2) lib/action_dispatch/middleware/debug_exceptions.rb:36:in `call'
actionpack (6.0.2.2) lib/action_dispatch/middleware/show_exceptions.rb:33:in `call'
railties (6.0.2.2) lib/rails/rack/logger.rb:38:in `call_app'
railties (6.0.2.2) lib/rails/rack/logger.rb:26:in `block in call'
activesupport (6.0.2.2) lib/active_support/tagged_logging.rb:80:in `block in tagged'
activesupport (6.0.2.2) lib/active_support/tagged_logging.rb:28:in `tagged'
activesupport (6.0.2.2) lib/active_support/tagged_logging.rb:80:in `tagged'
railties (6.0.2.2) lib/rails/rack/logger.rb:26:in `call'
actionpack (6.0.2.2) lib/action_dispatch/middleware/remote_ip.rb:81:in `call'
actionpack (6.0.2.2) lib/action_dispatch/middleware/request_id.rb:27:in `call'
rack (2.2.2) lib/rack/runtime.rb:22:in `call'
activesupport (6.0.2.2) lib/active_support/cache/strategy/local_cache_middleware.rb:29:in `call'
actionpack (6.0.2.2) lib/action_dispatch/middleware/executor.rb:14:in `call'
actionpack (6.0.2.2) lib/action_dispatch/middleware/static.rb:126:in `call'
rack (2.2.2) lib/rack/sendfile.rb:110:in `call'
actionpack (6.0.2.2) lib/action_dispatch/middleware/host_authorization.rb:83:in `call'
rack-cors (1.1.1) lib/rack/cors.rb:100:in `call'
railties (6.0.2.2) lib/rails/engine.rb:526:in `call'
puma (4.3.3) lib/puma/configuration.rb:228:in `call'
puma (4.3.3) lib/puma/server.rb:682:in `handle_request'
puma (4.3.3) lib/puma/server.rb:472:in `process_client'
puma (4.3.3) lib/puma/server.rb:328:in `block in run'
puma (4.3.3) lib/puma/thread_pool.rb:134:in `block in spawn_thread'
Started GET "/stocks" for ::1 at 2020-04-03 15:36:53 -0400
  [1m[35m (1.0ms)[0m  [1m[34mSELECT "schema_migrations"."version" FROM "schema_migrations" ORDER BY "schema_migrations"."version" ASC[0m
Processing by StocksController#index as HTML
  [1m[36mStock Load (0.7ms)[0m  [1m[34mSELECT "stocks".* FROM "stocks"[0m
  ↳ app/controllers/stocks_controller.rb:5:in `index'
No serializer found for resource: #<Stock id: 1, ticker: "BAC">
[active_model_serializers] Rendered ActiveModel::Serializer::CollectionSerializer with Stock::ActiveRecord_Relation (0.51ms)
Completed 200 OK in 18ms (Views: 8.7ms | ActiveRecord: 5.6ms | Allocations: 3715)


Started GET "/characters" for ::1 at 2020-04-03 15:56:04 -0400
  
ActionController::RoutingError (No route matches [GET] "/characters"):
  
actionpack (6.0.2.2) lib/action_dispatch/middleware/debug_exceptions.rb:36:in `call'
actionpack (6.0.2.2) lib/action_dispatch/middleware/show_exceptions.rb:33:in `call'
railties (6.0.2.2) lib/rails/rack/logger.rb:38:in `call_app'
railties (6.0.2.2) lib/rails/rack/logger.rb:26:in `block in call'
activesupport (6.0.2.2) lib/active_support/tagged_logging.rb:80:in `block in tagged'
activesupport (6.0.2.2) lib/active_support/tagged_logging.rb:28:in `tagged'
activesupport (6.0.2.2) lib/active_support/tagged_logging.rb:80:in `tagged'
railties (6.0.2.2) lib/rails/rack/logger.rb:26:in `call'
actionpack (6.0.2.2) lib/action_dispatch/middleware/remote_ip.rb:81:in `call'
actionpack (6.0.2.2) lib/action_dispatch/middleware/request_id.rb:27:in `call'
rack (2.2.2) lib/rack/runtime.rb:22:in `call'
activesupport (6.0.2.2) lib/active_support/cache/strategy/local_cache_middleware.rb:29:in `call'
actionpack (6.0.2.2) lib/action_dispatch/middleware/executor.rb:14:in `call'
actionpack (6.0.2.2) lib/action_dispatch/middleware/static.rb:126:in `call'
rack (2.2.2) lib/rack/sendfile.rb:110:in `call'
actionpack (6.0.2.2) lib/action_dispatch/middleware/host_authorization.rb:83:in `call'
rack-cors (1.1.1) lib/rack/cors.rb:100:in `call'
railties (6.0.2.2) lib/rails/engine.rb:526:in `call'
puma (4.3.3) lib/puma/configuration.rb:228:in `call'
puma (4.3.3) lib/puma/server.rb:682:in `handle_request'
puma (4.3.3) lib/puma/server.rb:472:in `process_client'
puma (4.3.3) lib/puma/server.rb:328:in `block in run'
puma (4.3.3) lib/puma/thread_pool.rb:134:in `block in spawn_thread'
